\BOOKMARK [0][-]{chapter*.5}{\376\377\000W\000p\000r\000o\000w\000d\000z\000e\000n\000i\000e}{}% 1
\BOOKMARK [0][-]{chapter.1}{\376\377\000K\000o\000l\000e\000j\000o\000w\000e\000\040\000m\000o\000s\000t\000y\000\040\001\102\000u\000k\000o\000w\000e\000\040\000p\000o\000d\000d\000a\000n\000e\000\040\000o\000b\000c\000i\001\005\001\174\000e\000n\000i\000o\000m\000\040\000d\000y\000n\000a\000m\000i\000c\000z\000n\000y\000m}{}% 2
\BOOKMARK [1][-]{section.1.1}{\376\377\000U\000k\001\102\000a\000d\000\040\000s\000t\000a\000t\000y\000c\000z\000n\000y\000\040\000i\000\040\000e\000l\000e\000m\000e\000n\000t\000y\000\040\000k\000o\000n\000s\000t\000r\000u\000k\000c\000y\000j\000n\000e\000\040\000m\000o\000s\000t\000\363\000w\000\040\001\102\000u\000k\000o\000w\000y\000c\000h}{chapter.1}% 3
\BOOKMARK [1][-]{section.1.2}{\376\377\000O\000b\000l\000i\000c\000z\000e\000n\000i\000a\000\040\000k\000o\000n\000s\000t\000r\000u\000k\000c\000j\000i\000\040\000z\000a\000\040\000p\000o\000m\000o\000c\001\005\000\040\000M\000e\000t\000o\000d\000y\000\040\000E\000l\000e\000m\000e\000n\000t\000\363\000w\000\040\000S\000k\000o\001\104\000c\000z\000o\000n\000y\000c\000h}{chapter.1}% 4
\BOOKMARK [2][-]{subsection.1.2.1}{\376\377\000K\000a\000l\000i\000b\000r\000a\000c\000j\000a\000\040\000m\000o\000d\000e\000l\000i\000\040\000M\000E\000S}{section.1.2}% 5
\BOOKMARK [1][-]{section.1.3}{\376\377\000D\000y\000n\000a\000m\000i\000c\000z\000n\000e\000\040\000o\000b\000c\000i\001\005\001\174\000e\000n\000i\000e\000\040\000k\000o\000l\000e\000j\000o\000w\000e}{chapter.1}% 6
\BOOKMARK [2][-]{subsection.1.3.1}{\376\377\000O\000d\000d\000z\000i\000a\001\102\000y\000w\000a\000n\000i\000a\000\040\000d\000y\000n\000a\000m\000i\000c\000z\000n\000e\000\040\000t\000a\000b\000o\000r\000u\000\040\000n\000a\000\040\000m\000o\000s\000t\000a\000c\000h\000\040\000k\000o\000l\000e\000j\000o\000w\000y\000c\000h}{section.1.3}% 7
\BOOKMARK [2][-]{subsection.1.3.2}{\376\377\000E\000f\000e\000k\000t\000y\000\040\000d\000y\000n\000a\000m\000i\000c\000z\000n\000e\000\040\000w\000\040\000m\000o\000s\000t\000a\000c\000h\000\040\000k\000o\000l\000e\000j\000o\000w\000y\000c\000h}{section.1.3}% 8
\BOOKMARK [2][-]{subsection.1.3.3}{\376\377\000P\000r\000z\000e\000p\000i\000s\000y\000\040\000n\000o\000r\000m\000o\000w\000e\000\040\000i\000\040\000w\000y\000t\000y\000c\000z\000n\000e}{section.1.3}% 9
\BOOKMARK [0][-]{chapter.2}{\376\377\000A\000n\000a\000l\000i\000z\000a\000\040\000m\000o\000d\000a\000l\000n\000a\000\040\000i\000\040\000o\000d\000p\000o\000w\000i\000e\000d\001\172\000\040\000u\000k\001\102\000a\000d\000\363\000w\000\040\000d\000y\000n\000a\000m\000i\000c\000z\000n\000y\000c\000h}{}% 10
\BOOKMARK [1][-]{section.2.1}{\376\377\000A\000n\000a\000l\000i\000z\000a\000\040\000m\000o\000d\000a\000l\000n\000a}{chapter.2}% 11
\BOOKMARK [2][-]{subsection.2.1.1}{\376\377\000K\000l\000a\000s\000y\000f\000i\000k\000a\000c\000j\000a\000\040\000m\000e\000t\000o\000d\000\040\000a\000n\000a\000l\000i\000z\000y\000\040\000m\000o\000d\000a\000l\000n\000e\000j}{section.2.1}% 12
\BOOKMARK [1][-]{section.2.2}{\376\377\000T\000e\000o\000r\000e\000t\000y\000c\000z\000n\000a\000\040\000a\000n\000a\000l\000i\000z\000a\000\040\000m\000o\000d\000a\000l\000n\000a}{chapter.2}% 13
\BOOKMARK [2][-]{subsection.2.2.1}{\376\377\000Z\000a\000g\000a\000d\000n\000i\000e\000n\000i\000e\000\040\000w\001\102\000a\000s\000n\000e}{section.2.2}% 14
\BOOKMARK [2][-]{subsection.2.2.2}{\376\377\000T\000r\000a\000n\000s\000f\000o\000r\000m\000a\000c\000j\000a\000\040\000d\000o\000\040\000w\000s\000p\000\363\001\102\000r\000z\001\031\000d\000n\000y\000c\000h\000\040\000n\000o\000r\000m\000a\000l\000n\000y\000c\000h}{section.2.2}% 15
\BOOKMARK [1][-]{section.2.3}{\376\377\000M\000e\000t\000o\000d\000y\000\040\000w\000y\000z\000n\000a\000c\000z\000a\000n\000i\000a\000\040\000o\000d\000p\000o\000w\000i\000e\000d\000z\000i\000\040\000d\000y\000n\000a\000m\000i\000c\000z\000n\000e\000j\000\040\000k\000o\000n\000s\000t\000r\000u\000k\000c\000j\000i}{chapter.2}% 16
\BOOKMARK [2][-]{subsection.2.3.1}{\376\377\000O\000d\000p\000o\000w\000i\000e\000d\001\172\000\040\000s\000y\000s\000t\000e\000m\000\363\000w\000\040\000d\000y\000n\000a\000m\000i\000c\000z\000n\000y\000c\000h\000\040\000o\000\040\000j\000e\000d\000n\000y\000m\000\040\000s\000t\000o\000p\000n\000i\000u\000\040\000s\000w\000o\000b\000o\000d\000y}{section.2.3}% 17
\BOOKMARK [2][-]{subsection.2.3.2}{\376\377\000O\000d\000p\000o\000w\000i\000e\000d\001\172\000\040\000s\000y\000s\000t\000e\000m\000\363\000w\000\040\000d\000y\000n\000a\000m\000i\000c\000z\000n\000y\000c\000h\000\040\000o\000\040\000s\000k\000o\001\104\000c\000z\000o\000n\000e\000j\000\040\000l\000i\000c\000z\000b\000i\000e\000\040\000s\000t\000o\000p\000n\000i\000\040\000s\000w\000o\000b\000o\000d\000y}{section.2.3}% 18
\BOOKMARK [1][-]{section.2.4}{\376\377\000M\000i\000a\000r\000y\000\040\000i\000\040\000m\000o\000d\000e\000l\000e\000\040\000t\001\102\000u\000m\000i\000e\000n\000i\000a}{chapter.2}% 19
\BOOKMARK [0][-]{chapter.3}{\376\377\000I\000d\000e\000n\000t\000y\000f\000i\000k\000a\000c\000j\000a\000\040\000c\000e\000c\000h\000\040\000d\000y\000n\000a\000m\000i\000c\000z\000n\000y\000c\000h\000\040\000k\000o\000n\000s\000t\000r\000u\000k\000c\000j\000i\000\040\000n\000a\000\040\000p\000o\000d\000s\000t\000a\000w\000i\000e\000\040\000d\000r\000g\000a\001\104\000\040\001\133\000r\000o\000d\000o\000w\000i\000s\000k\000o\000w\000y\000c\000h}{}% 20
\BOOKMARK [1][-]{section.3.1}{\376\377\000O\000p\000e\000r\000a\000c\000y\000j\000n\000a\000\040\000a\000n\000a\000l\000i\000z\000a\000\040\000m\000o\000d\000a\000l\000n\000a\000\040\000\050\000O\000M\000A\000\051}{chapter.3}% 21
\BOOKMARK [2][-]{subsection.3.1.1}{\376\377\000K\000o\000n\000c\000e\000p\000c\000j\000a\000\040\000O\000M\000A}{section.3.1}% 22
\BOOKMARK [2][-]{subsection.3.1.2}{\376\377\000M\000e\000t\000o\000d\000y\000\040\000o\000p\000e\000r\000a\000c\000y\000j\000n\000e\000j\000\040\000a\000n\000a\000l\000i\000z\000y\000\040\000m\000o\000d\000a\000l\000n\000e\000j}{section.3.1}% 23
\BOOKMARK [2][-]{subsection.3.1.3}{\376\377\000P\000r\000z\000y\000k\001\102\000a\000d\000y\000\040\000z\000a\000s\000t\000o\000s\000o\000w\000a\001\104\000\040\000O\000p\000e\000r\000a\000c\000y\000j\000n\000e\000j\000\040\000A\000n\000a\000l\000i\000z\000y\000\040\000M\000o\000d\000a\000l\000n\000e\000j}{section.3.1}% 24
\BOOKMARK [1][-]{section.3.2}{\376\377\000M\000e\000t\000o\000d\000a\000\040\000N\000E\000x\000T\000-\000E\000R\000A}{chapter.3}% 25
\BOOKMARK [2][-]{subsection.3.2.1}{\376\377\000F\000u\000n\000k\000c\000j\000e\000\040\000k\000o\000r\000e\000l\000a\000c\000j\000i\000,\000\040\000a\000\040\000o\000d\000p\000o\000w\000i\000e\000d\001\172\000\040\000i\000m\000p\000u\000l\000s\000o\000w\000a\000\040\000u\000k\001\102\000a\000d\000u}{section.3.2}% 26
\BOOKMARK [2][-]{subsection.3.2.2}{\376\377\000E\000i\000g\000e\000n\000y\000s\000t\000e\000m\000\040\000R\000e\000a\000l\000i\000z\000a\000t\000i\000o\000n\000\040\000A\000l\000g\000o\000r\000i\000t\000h\000m}{section.3.2}% 27
\BOOKMARK [1][-]{section.3.3}{\376\377\000A\000p\000l\000i\000k\000a\000c\000j\000a\000\040\000d\000o\000\040\000i\000d\000e\000n\000t\000y\000f\000i\000k\000a\000c\000j\000i\000\040\000m\000o\000d\000a\000l\000n\000e\000j\000\040\000O\000M\000A}{chapter.3}% 28
\BOOKMARK [2][-]{subsection.3.3.1}{\376\377\000E\000l\000e\000m\000e\000n\000t\000y\000\040\000p\000r\000o\000g\000r\000a\000m\000u}{section.3.3}% 29
\BOOKMARK [2][-]{subsection.3.3.2}{\376\377\000E\000l\000e\000m\000e\000n\000t\000y\000\040\000o\000c\000e\000n\000y\000\040\000p\000o\000p\000r\000a\000w\000n\000o\001\133\000c\000i\000\040\000r\000o\000z\000w\000i\001\005\000z\000a\000n\000i\000a}{section.3.3}% 30
\BOOKMARK [2][-]{subsection.3.3.3}{\376\377\000T\000e\000s\000t\000y\000\040\000n\000u\000m\000e\000r\000y\000c\000z\000n\000e\000\040\000m\000e\000t\000o\000d\000y\000\040\000N\000E\000X\000T\000-\000E\000R\000A}{section.3.3}% 31
\BOOKMARK [2][-]{subsection.3.3.4}{\376\377\000T\000e\000s\000t\000y\000\040\000e\000k\000s\000p\000e\000r\000y\000m\000e\000n\000t\000a\000l\000n\000e\000\040\000m\000e\000t\000o\000d\000y\000\040\000N\000E\000X\000T\000-\000E\000R\000A}{section.3.3}% 32
\BOOKMARK [1][-]{section.3.4}{\376\377\000P\000o\000d\000s\000u\000m\000o\000w\000a\000n\000i\000e\000\040\000t\000e\000s\000t\000\363\000w\000\040\000m\000e\000t\000o\000d\000y\000\040\000N\000E\000x\000T\000-\000E\000R\000A}{chapter.3}% 33
\BOOKMARK [0][-]{chapter.4}{\376\377\000O\000p\000t\000y\000m\000a\000l\000i\000z\000a\000c\000j\000a\000\040\000m\000e\000t\000o\000d\001\005\000\040\000r\000o\000j\000u\000\040\000c\000z\001\005\000s\000t\000e\000k\000\040\000-\000\040\000P\000a\000r\000t\000i\000c\000l\000e\000\040\000S\000w\000a\000r\000m\000\040\000O\000p\000t\000i\000m\000i\000z\000a\000t\000o\000n}{}% 34
\BOOKMARK [1][-]{section.4.1}{\376\377\000K\000l\000a\000s\000y\000f\000i\000k\000a\000c\000j\000a\000\040\000p\000r\000o\000b\000l\000e\000m\000\363\000w\000\040\000i\000\040\000m\000e\000t\000o\000d\000\040\000o\000p\000t\000y\000m\000a\000l\000i\000z\000a\000c\000j\000i}{chapter.4}% 35
\BOOKMARK [1][-]{section.4.2}{\376\377\000O\000k\000r\000e\001\133\000l\000e\000n\000i\000e\000\040\000f\000u\000n\000k\000c\000j\000i\000\040\000c\000e\000l\000u\000\040\000i\000\040\000w\000y\000b\000\363\000r\000\040\000m\000e\000t\000o\000d\000y\000\040\000o\000p\000t\000y\000m\000a\000l\000i\000z\000a\000c\000j\000i}{chapter.4}% 36
\BOOKMARK [1][-]{section.4.3}{\376\377\000P\000a\000r\000t\000i\000c\000l\000e\000\040\000S\000w\000a\000r\000m\000\040\000O\000p\000t\000i\000m\000i\000z\000a\000t\000i\000o\000n}{chapter.4}% 37
\BOOKMARK [2][-]{subsection.4.3.1}{\376\377\000Z\000a\000s\000t\000o\000s\000o\000w\000a\000n\000i\000a\000\040\000o\000p\000t\000y\000m\000a\000l\000i\000z\000a\000c\000j\000i\000\040\000a\000l\000g\000o\000r\000y\000t\000m\000e\000m\000\040\000P\000S\000O}{section.4.3}% 38
\BOOKMARK [2][-]{subsection.4.3.2}{\376\377\000P\000r\000z\000y\000k\001\102\000a\000d\000\040\000t\000e\000o\000r\000e\000t\000y\000c\000z\000n\000y}{section.4.3}% 39
\BOOKMARK [1][-]{section.4.4}{\376\377\000O\000p\000t\000y\000m\000a\000l\000i\000z\000a\000c\000j\000a\000\040\000w\000i\000e\000l\000o\000k\000r\000y\000t\000e\000r\000i\000a\000l\000n\000a}{chapter.4}% 40
\BOOKMARK [1][-]{section.4.5}{\376\377\000O\000p\000t\000y\000m\000a\000l\000i\000z\000a\000c\000j\000a\000\040\000w\000i\000e\000l\000o\000k\000r\000y\000t\000e\000r\000i\000a\000l\000n\000a\000\040\000r\000o\000j\000e\000m\000\040\000c\000z\001\005\000s\000t\000e\000k}{chapter.4}% 41
\BOOKMARK [2][-]{subsection.4.5.1}{\376\377\000P\000r\000z\000y\000k\001\102\000a\000d\000\040\000t\000e\000o\000r\000e\000t\000y\000c\000z\000n\000y}{section.4.5}% 42
\BOOKMARK [1][-]{section.4.6}{\376\377\000O\000p\000t\000y\000m\000a\000l\000i\000z\000a\000c\000j\000a\000\040\000w\000s\000p\000o\000m\000a\000g\000a\000n\000a\000\040\000u\000c\000z\000e\000n\000i\000e\000m\000\040\000m\000a\000s\000z\000y\000n\000o\000w\000y\000m}{chapter.4}% 43
\BOOKMARK [0][-]{chapter.5}{\376\377\000O\000p\000t\000y\000m\000a\000l\000i\000z\000a\000c\000j\000a\000\040\000k\000o\000n\000s\000t\000r\000u\000k\000c\000j\000i\000\040\000n\000a\000\040\000p\000r\000z\000y\000k\001\102\000a\000d\000z\000i\000e\000\040\000w\000i\000a\000d\000u\000k\000t\000u\000\040\001\102\000u\000k\000o\000w\000e\000g\000o\000\040\000W\000K\000-\0002\000\040\000w\000\040\000c\000i\001\005\000g\000u\000\040\000P\000o\000m\000o\000r\000s\000k\000i\000e\000j\000\040\000K\000o\000l\000e\000i\000\040\000M\000e\000t\000r\000o\000p\000o\000l\000i\000t\000a\000l\000n\000e\000j}{}% 44
\BOOKMARK [1][-]{section.5.1}{\376\377\000C\000h\000a\000r\000a\000k\000t\000e\000r\000y\000s\000t\000y\000k\000a\000\040\000o\000b\000i\000e\000k\000t\000u}{chapter.5}% 45
\BOOKMARK [1][-]{section.5.2}{\376\377\000B\000u\000d\000o\000w\000a\000\040\000m\000o\000d\000e\000l\000u\000\040\000n\000u\000m\000e\000r\000y\000c\000z\000n\000e\000g\000o}{chapter.5}% 46
\BOOKMARK [1][-]{section.5.3}{\376\377\000I\000d\000e\000n\000t\000y\000f\000i\000k\000a\000c\000j\000a\000\040\000m\000o\000d\000a\000l\000n\000a\000\040\000w\000i\000a\000d\000u\000k\000t\000u\000\040\000W\000K\0002}{chapter.5}% 47
\BOOKMARK [1][-]{section.5.4}{\376\377\000K\000a\000l\000i\000b\000r\000a\000c\000j\000a\000\040\000m\000o\000d\000e\000l\000u\000\040\000n\000u\000m\000e\000r\000y\000c\000z\000n\000e\000g\000o\000\040\000z\000\040\000w\000y\000k\000o\000r\000z\000y\000s\000t\000a\000n\000i\000e\000m\000\040\000P\000S\000O}{chapter.5}% 48
\BOOKMARK [2][-]{subsection.5.4.1}{\376\377\000F\000u\000n\000k\000c\000j\000a\000\040\000c\000e\000l\000u}{section.5.4}% 49
\BOOKMARK [2][-]{subsection.5.4.2}{\376\377\000Z\000m\000i\000e\000n\000n\000e\000\040\000p\000r\000o\000j\000e\000k\000t\000o\000w\000e}{section.5.4}% 50
\BOOKMARK [2][-]{subsection.5.4.3}{\376\377\000A\000l\000g\000o\000r\000y\000t\000m\000\040\000k\000a\000l\000i\000b\000r\000a\000c\000j\000i}{section.5.4}% 51
\BOOKMARK [2][-]{subsection.5.4.4}{\376\377\000R\000e\000z\000u\000l\000t\000a\000t\000y\000\040\000k\000a\000l\000i\000b\000r\000a\000c\000j\000i}{section.5.4}% 52
\BOOKMARK [1][-]{section.5.5}{\376\377\000W\000p\001\102\000y\000w\000\040\000w\000y\000m\000i\000a\000r\000\363\000w\000\040\000e\000l\000e\000m\000e\000n\000t\000\363\000w\000\040\000k\000o\000n\000s\000t\000r\000u\000k\000c\000y\000j\000n\000y\000c\000h\000\040\000n\000a\000\040\000o\000d\000p\000o\000w\000i\000e\000d\001\172\000\040\000d\000y\000n\000a\000m\000i\000c\000z\000n\001\005\000\040\000p\000r\000z\001\031\000s\001\102\000a}{chapter.5}% 53
\BOOKMARK [2][-]{subsection.5.5.1}{\376\377\000M\000o\000d\000e\000l\000\040\000u\000p\000r\000o\000s\000z\000c\000z\000o\000n\000y\000\040\000d\000o\000\040\000a\000n\000a\000l\000i\000z\000y\000\040\000d\000y\000n\000a\000m\000i\000c\000z\000n\000e\000j}{section.5.5}% 54
\BOOKMARK [2][-]{subsection.5.5.2}{\376\377\000Z\000a\001\102\000o\001\174\000e\000n\000i\000a\000\040\000d\000o\000\040\000o\000p\000t\000y\000m\000a\000l\000i\000z\000a\000c\000j\000i}{section.5.5}% 55
\BOOKMARK [2][-]{subsection.5.5.3}{\376\377\000A\000l\000g\000o\000r\000y\000t\000m\000\040\000r\000o\000z\000w\000i\001\005\000z\000a\000n\000i\000a\000\040\000p\000r\000o\000b\000l\000e\000m\000u}{section.5.5}% 56
\BOOKMARK [1][-]{section.5.6}{\376\377\000R\000e\000z\000u\000l\000t\000a\000t\000y\000\040\000o\000p\000t\000y\000m\000a\000l\000i\000z\000a\000c\000j\000i}{chapter.5}% 57
\BOOKMARK [2][-]{subsection.5.6.1}{\376\377\000W\000i\000e\000s\000z\000a\000k\000i\000\040\000P\000r\000o\000s\000t\000e\000\040\000-\000\040\000p\000r\001\031\000d\000k\000o\001\133\001\007\000\040\000m\000a\000k\000s\000y\000m\000a\000l\000n\000a\000\040\0001\0006\0000\000\040\000k\000m\000/\000h}{section.5.6}% 58
\BOOKMARK [2][-]{subsection.5.6.2}{\376\377\000W\000i\000e\000s\000z\000a\000k\000i\000\040\000P\000r\000o\000s\000t\000e\000\040\000-\000\040\000p\000r\001\031\000d\000k\000o\001\133\001\007\000\040\000m\000a\000k\000s\000y\000m\000a\000l\000n\000a\000\040\0002\0000\0000\000\040\000k\000m\000/\000h}{section.5.6}% 59
\BOOKMARK [2][-]{subsection.5.6.3}{\376\377\000W\000i\000e\000s\000z\000a\000k\000i\000\040\000P\000r\000o\000s\000t\000e\000\040\000-\000\040\000p\000r\001\031\000d\000k\000o\001\133\001\007\000\040\000m\000a\000k\000s\000y\000m\000a\000l\000n\000a\000\040\0003\0000\0000\000\040\000k\000m\000/\000h}{section.5.6}% 60
\BOOKMARK [2][-]{subsection.5.6.4}{\376\377\000W\000i\000e\000s\000z\000a\000k\000i\000\040\000U\000k\000o\001\133\000n\000e\000\040\000-\000\040\000p\000r\001\031\000d\000k\000o\001\133\001\007\000\040\000m\000a\000k\000s\000y\000m\000a\000l\000n\000a\000\040\0001\0006\0000\000\040\000k\000m\000/\000h}{section.5.6}% 61
\BOOKMARK [2][-]{subsection.5.6.5}{\376\377\000W\000i\000e\000s\000z\000a\000k\000i\000\040\000U\000k\000o\001\133\000n\000e\000\040\000-\000\040\000p\000r\001\031\000d\000k\000o\001\133\001\007\000\040\000m\000a\000k\000s\000y\000m\000a\000l\000n\000a\000\040\0002\0000\0000\000\040\000k\000m\000/\000h}{section.5.6}% 62
\BOOKMARK [2][-]{subsection.5.6.6}{\376\377\000W\000i\000e\000s\000z\000a\000k\000i\000\040\000U\000k\000o\001\133\000n\000e\000\040\000-\000\040\000p\000r\001\031\000d\000k\000o\001\133\001\007\000\040\000m\000a\000k\000s\000y\000m\000a\000l\000n\000a\000\040\0003\0000\0000\000\040\000k\000m\000/\000h}{section.5.6}% 63
\BOOKMARK [2][-]{subsection.5.6.7}{\376\377\000W\000i\000e\000s\000z\000a\000k\000i\000\040\000N\000e\000t\000w\000o\000r\000k\000\040\000-\000\040\000p\000r\001\031\000d\000k\000o\001\133\001\007\000\040\000m\000a\000k\000s\000y\000m\000a\000l\000n\000a\000\040\0001\0006\0000\000\040\000k\000m\000/\000h}{section.5.6}% 64
\BOOKMARK [2][-]{subsection.5.6.8}{\376\377\000W\000i\000e\000s\000z\000a\000k\000i\000\040\000N\000e\000t\000w\000o\000r\000k\000\040\000-\000\040\000p\000r\001\031\000d\000k\000o\001\133\001\007\000\040\000m\000a\000k\000s\000y\000m\000a\000l\000n\000a\000\040\0002\0000\0000\000\040\000k\000m\000/\000h}{section.5.6}% 65
\BOOKMARK [2][-]{subsection.5.6.9}{\376\377\000W\000i\000e\000s\000z\000a\000k\000i\000\040\000N\000e\000t\000w\000o\000r\000k\000\040\000-\000\040\000p\000r\001\031\000d\000k\000o\001\133\001\007\000\040\000m\000a\000k\000s\000y\000m\000a\000l\000n\000a\000\040\0003\0000\0000\000\040\000k\000m\000/\000h}{section.5.6}% 66
\BOOKMARK [2][-]{subsection.5.6.10}{\376\377\000P\000o\000d\000s\000u\000m\000o\000w\000a\000n\000i\000e\000\040\000r\000e\000z\000u\000l\000t\000a\000t\000\363\000w\000\040\000o\000p\000t\000y\000m\000a\000l\000i\000z\000a\000c\000j\000i}{section.5.6}% 67
\BOOKMARK [0][-]{chapter*.210}{\376\377\000P\000o\000d\000s\000u\000m\000o\000w\000a\000n\000i\000e\000\040\000i\000\040\000w\000n\000i\000o\000s\000k\000i}{}% 68
\BOOKMARK [0][-]{chapter*.212}{\376\377\000B\000i\000b\000l\000i\000o\000g\000r\000a\000f\000i\000a}{}% 69
