This is pdfTeX, Version 3.14159265-2.6-1.40.21 (MiKTeX 2.9.7300 64-bit) (preloaded format=pdflatex 2020.2.21)  28 AUG 2020 16:25
entering extended mode
**./whole_thesis.tex
(whole_thesis.tex
LaTeX2e <2020-02-02> patch level 2
L3 programming layer <2020-02-14>
\@input{preamble.aux}
\openout2 = `preamble.aux'.

(preamble.tex
("C:\Users\KBP\AppData\Local\Programs\MiKTeX 2.9\tex/latex/base\report.cls"
Document Class: report 2019/12/20 v1.4l Standard LaTeX document class
("C:\Users\KBP\AppData\Local\Programs\MiKTeX 2.9\tex/latex/base\size12.clo"
File: size12.clo 2019/12/20 v1.4l Standard LaTeX file (size option)
)
\c@part=\count167
\c@chapter=\count168
\c@section=\count169
\c@subsection=\count170
\c@subsubsection=\count171
\c@paragraph=\count172
\c@subparagraph=\count173
\c@figure=\count174
\c@table=\count175
\abovecaptionskip=\skip47
\belowcaptionskip=\skip48
\bibindent=\dimen134
)
("C:\Users\KBP\AppData\Local\Programs\MiKTeX 2.9\tex/latex/geometry\geometry.st
y"
Package: geometry 2020/01/02 v5.9 Page Geometry

("C:\Users\KBP\AppData\Local\Programs\MiKTeX 2.9\tex/latex/graphics\keyval.sty"
Package: keyval 2014/10/28 v1.15 key=value parser (DPC)
\KV@toks@=\toks14
) ("C:\Users\KBP\AppData\Local\Programs\MiKTeX 2.9\tex/generic/iftex\ifvtex.sty
"
Package: ifvtex 2019/10/25 v1.7 ifvtex legacy package. Use iftex instead.
 ("C:\Users\KBP\AppData\Local\Programs\MiKTeX 2.9\tex/generic/iftex\iftex.sty"
Package: iftex 2019/11/07 v1.0c TeX engine tests
))
\Gm@cnth=\count176
\Gm@cntv=\count177
\c@Gm@tempcnt=\count178
\Gm@bindingoffset=\dimen135
\Gm@wd@mp=\dimen136
\Gm@odd@mp=\dimen137
\Gm@even@mp=\dimen138
\Gm@layoutwidth=\dimen139
\Gm@layoutheight=\dimen140
\Gm@layouthoffset=\dimen141
\Gm@layoutvoffset=\dimen142
\Gm@dimlist=\toks15

("C:\Users\KBP\AppData\Local\Programs\MiKTeX 2.9\tex/latex/geometry\geometry.cf
g"))
("C:\Users\KBP\AppData\Local\Programs\MiKTeX 2.9\tex/generic/babel\babel.sty"
Package: babel 2020/02/14 3.40 The Babel package

("C:\Users\KBP\AppData\Local\Programs\MiKTeX 2.9\tex/generic/babel\switch.def"
File: switch.def 2020/02/14 3.40 Babel switching mechanism
)
*************************************
* Local config file bblopts.cfg used
*
("C:\Users\KBP\AppData\Local\Programs\MiKTeX 2.9\tex/latex/arabi\bblopts.cfg"
File: bblopts.cfg 2005/09/08 v0.1 add Arabic and Farsi to "declared" options of
 babel
)
("C:\Users\KBP\AppData\Local\Programs\MiKTeX 2.9\tex/latex/babel-polish\polish.
ldf"
Language: polish 2005/03/31 v1.2l Polish support from the babel system

("C:\Users\KBP\AppData\Local\Programs\MiKTeX 2.9\tex/generic/babel\babel.def"
File: babel.def 2020/02/14 3.40 Babel common definitions
\babel@savecnt=\count179
\U@D=\dimen143

("C:\Users\KBP\AppData\Local\Programs\MiKTeX 2.9\tex/generic/babel\txtbabel.def
")
\bbl@readstream=\read2
\bbl@dirlevel=\count180
)
Package babel Info: Making " an active character on input line 83.
\pl@left=\dimen144
\pl@down=\dimen145
\pl@right=\dimen146
\pl@temp=\dimen147
))
("C:\Users\KBP\AppData\Local\Programs\MiKTeX 2.9\tex/latex/polski\polski.sty"
Package: polski 2017/05/04 v1.3.4 Polish language package

   Switching to Polish text encoding and Polish maths fonts.
("C:\Users\KBP\AppData\Local\Programs\MiKTeX 2.9\tex/latex/base\ot4enc.def"
File: ot4enc.def 2020/02/11 v2.0o Standard LaTeX file
Now handling font encoding OT4 ...
... no UTF-8 mapping file for font encoding OT4
)
LaTeX Font Info:    Trying to load font information for OT4+cmr on input line 3
60.

("C:\Users\KBP\AppData\Local\Programs\MiKTeX 2.9\tex/latex/polski\ot4cmr.fd"
File: ot4cmr.fd 2008/02/24 v1.2.1 Font defs for fonts PL (MW)
)
LaTeX Font Info:    Overwriting math alphabet `\mathbf' in version `normal'
(Font)                  OT1/cmr/bx/n --> OT4/cmr/bx/n on input line 360.
LaTeX Font Info:    Overwriting math alphabet `\mathsf' in version `normal'
(Font)                  OT1/cmss/m/n --> OT4/cmss/m/n on input line 360.
LaTeX Font Info:    Overwriting math alphabet `\mathit' in version `normal'
(Font)                  OT1/cmr/m/it --> OT4/cmr/m/it on input line 360.
LaTeX Font Info:    Overwriting math alphabet `\mathtt' in version `normal'
(Font)                  OT1/cmtt/m/n --> OT4/cmtt/m/n on input line 360.
LaTeX Font Info:    Overwriting math alphabet `\mathsf' in version `bold'
(Font)                  OT1/cmss/bx/n --> OT4/cmss/bx/n on input line 360.
LaTeX Font Info:    Overwriting math alphabet `\mathit' in version `bold'
(Font)                  OT1/cmr/bx/it --> OT4/cmr/bx/it on input line 360.
LaTeX Font Info:    Encoding `OT1' has changed to `OT4' for symbol font
(Font)              `operators' in the math version `normal' on input line 360.

LaTeX Font Info:    Overwriting symbol font `operators' in version `normal'
(Font)                  OT1/cmr/m/n --> OT4/cmr/m/n on input line 360.
LaTeX Font Info:    Overwriting symbol font `letters' in version `normal'
(Font)                  OML/cmm/m/it --> OML/plm/m/it on input line 360.
LaTeX Font Info:    Overwriting symbol font `symbols' in version `normal'
(Font)                  OMS/cmsy/m/n --> OMS/plsy/m/n on input line 360.
LaTeX Font Info:    Overwriting symbol font `largesymbols' in version `normal'
(Font)                  OMX/cmex/m/n --> OMX/plex/m/n on input line 360.
LaTeX Font Info:    Encoding `OT1' has changed to `OT4' for symbol font
(Font)              `operators' in the math version `bold' on input line 360.
LaTeX Font Info:    Overwriting symbol font `operators' in version `bold'
(Font)                  OT1/cmr/bx/n --> OT4/cmr/bx/n on input line 360.
LaTeX Font Info:    Overwriting symbol font `letters' in version `bold'
(Font)                  OML/cmm/b/it --> OML/plm/b/it on input line 360.
LaTeX Font Info:    Overwriting symbol font `symbols' in version `bold'
(Font)                  OMS/cmsy/b/n --> OMS/plsy/b/n on input line 360.
)
("C:\Users\KBP\AppData\Local\Programs\MiKTeX 2.9\tex/latex/base\inputenc.sty"
Package: inputenc 2018/08/11 v1.3c Input encoding file
\inpenc@prehook=\toks16
\inpenc@posthook=\toks17
)
("C:\Users\KBP\AppData\Local\Programs\MiKTeX 2.9\tex/latex/biblatex\biblatex.st
y"
Package: biblatex 2019/12/01 v3.14 programmable bibliographies (PK/MW)

("C:\Users\KBP\AppData\Local\Programs\MiKTeX 2.9\tex/latex/pdftexcmds\pdftexcmd
s.sty"
Package: pdftexcmds 2019/11/24 v0.31 Utility functions of pdfTeX for LuaTeX (HO
)

("C:\Users\KBP\AppData\Local\Programs\MiKTeX 2.9\tex/generic/infwarerr\infwarer
r.sty"
Package: infwarerr 2019/12/03 v1.5 Providing info/warning/error messages (HO)
)
("C:\Users\KBP\AppData\Local\Programs\MiKTeX 2.9\tex/generic/ltxcmds\ltxcmds.st
y"
Package: ltxcmds 2019/12/15 v1.24 LaTeX kernel commands for general use (HO)
)
Package pdftexcmds Info: \pdf@primitive is available.
Package pdftexcmds Info: \pdf@ifprimitive is available.
Package pdftexcmds Info: \pdfdraftmode found.
)
("C:\Users\KBP\AppData\Local\Programs\MiKTeX 2.9\tex/latex/etoolbox\etoolbox.st
y"
Package: etoolbox 2019/09/21 v2.5h e-TeX tools for LaTeX (JAW)
\etb@tempcnta=\count181
)
("C:\Users\KBP\AppData\Local\Programs\MiKTeX 2.9\tex/latex/kvoptions\kvoptions.
sty"
Package: kvoptions 2019/11/29 v3.13 Key value format for package options (HO)

("C:\Users\KBP\AppData\Local\Programs\MiKTeX 2.9\tex/generic/kvsetkeys\kvsetkey
s.sty"
Package: kvsetkeys 2019/12/15 v1.18 Key value parser (HO)
))
("C:\Users\KBP\AppData\Local\Programs\MiKTeX 2.9\tex/latex/logreq\logreq.sty"
Package: logreq 2010/08/04 v1.0 xml request logger
\lrq@indent=\count182

("C:\Users\KBP\AppData\Local\Programs\MiKTeX 2.9\tex/latex/logreq\logreq.def"
File: logreq.def 2010/08/04 v1.0 logreq spec v1.0
)) ("C:\Users\KBP\AppData\Local\Programs\MiKTeX 2.9\tex/latex/base\ifthen.sty"
Package: ifthen 2014/09/29 v1.1c Standard LaTeX ifthen package (DPC)
)
("C:\Users\KBP\AppData\Local\Programs\MiKTeX 2.9\tex/latex/url\url.sty"
\Urlmuskip=\muskip16
Package: url 2013/09/16  ver 3.4  Verb mode for urls, etc.
)
\c@tabx@nest=\count183
\c@listtotal=\count184
\c@listcount=\count185
\c@liststart=\count186
\c@liststop=\count187
\c@citecount=\count188
\c@citetotal=\count189
\c@multicitecount=\count190
\c@multicitetotal=\count191
\c@instcount=\count192
\c@maxnames=\count193
\c@minnames=\count194
\c@maxitems=\count195
\c@minitems=\count196
\c@citecounter=\count197
\c@maxcitecounter=\count198
\c@savedcitecounter=\count199
\c@uniquelist=\count266
\c@uniquename=\count267
\c@refsection=\count268
\c@refsegment=\count269
\c@maxextratitle=\count270
\c@maxextratitleyear=\count271
\c@maxextraname=\count272
\c@maxextradate=\count273
\c@maxextraalpha=\count274
\c@abbrvpenalty=\count275
\c@highnamepenalty=\count276
\c@lownamepenalty=\count277
\c@maxparens=\count278
\c@parenlevel=\count279
\blx@tempcnta=\count280
\blx@tempcntb=\count281
\blx@tempcntc=\count282
\blx@maxsection=\count283
\blx@maxsegment@0=\count284
\blx@notetype=\count285
\blx@parenlevel@text=\count286
\blx@parenlevel@foot=\count287
\blx@sectionciteorder@0=\count288
\blx@entrysetcounter=\count289
\labelnumberwidth=\skip49
\labelalphawidth=\skip50
\biblabelsep=\skip51
\bibitemsep=\skip52
\bibnamesep=\skip53
\bibinitsep=\skip54
\bibparsep=\skip55
\bibhang=\skip56
\blx@bcfin=\read3
\blx@bcfout=\write3
\blx@langwohyphens=\language82
\c@mincomprange=\count290
\c@maxcomprange=\count291
\c@mincompwidth=\count292
Package biblatex Info: Trying to load biblatex default data model...
Package biblatex Info: ... file 'blx-dm.def' found.

("C:\Users\KBP\AppData\Local\Programs\MiKTeX 2.9\tex/latex/biblatex\blx-dm.def"
File: blx-dm.def 2019/12/01 v3.14 biblatex localization (PK/MW)
)
Package biblatex Info: Trying to load biblatex style data model...
Package biblatex Info: ... file 'authoryear.dbx' not found.
Package biblatex Info: Trying to load biblatex custom data model...
Package biblatex Info: ... file 'biblatex-dm.cfg' not found.
\c@afterword=\count293
\c@savedafterword=\count294
\c@annotator=\count295
\c@savedannotator=\count296
\c@author=\count297
\c@savedauthor=\count298
\c@bookauthor=\count299
\c@savedbookauthor=\count300
\c@commentator=\count301
\c@savedcommentator=\count302
\c@editor=\count303
\c@savededitor=\count304
\c@editora=\count305
\c@savededitora=\count306
\c@editorb=\count307
\c@savededitorb=\count308
\c@editorc=\count309
\c@savededitorc=\count310
\c@foreword=\count311
\c@savedforeword=\count312
\c@holder=\count313
\c@savedholder=\count314
\c@introduction=\count315
\c@savedintroduction=\count316
\c@namea=\count317
\c@savednamea=\count318
\c@nameb=\count319
\c@savednameb=\count320
\c@namec=\count321
\c@savednamec=\count322
\c@translator=\count323
\c@savedtranslator=\count324
\c@shortauthor=\count325
\c@savedshortauthor=\count326
\c@shorteditor=\count327
\c@savedshorteditor=\count328
\c@labelname=\count329
\c@savedlabelname=\count330
\c@institution=\count331
\c@savedinstitution=\count332
\c@lista=\count333
\c@savedlista=\count334
\c@listb=\count335
\c@savedlistb=\count336
\c@listc=\count337
\c@savedlistc=\count338
\c@listd=\count339
\c@savedlistd=\count340
\c@liste=\count341
\c@savedliste=\count342
\c@listf=\count343
\c@savedlistf=\count344
\c@location=\count345
\c@savedlocation=\count346
\c@organization=\count347
\c@savedorganization=\count348
\c@origlocation=\count349
\c@savedoriglocation=\count350
\c@origpublisher=\count351
\c@savedorigpublisher=\count352
\c@publisher=\count353
\c@savedpublisher=\count354
\c@language=\count355
\c@savedlanguage=\count356
\c@origlanguage=\count357
\c@savedoriglanguage=\count358
\c@pageref=\count359
\c@savedpageref=\count360
\shorthandwidth=\skip57
\shortjournalwidth=\skip58
\shortserieswidth=\skip59
\shorttitlewidth=\skip60
\shortauthorwidth=\skip61
\shorteditorwidth=\skip62
\locallabelnumberwidth=\skip63
\locallabelalphawidth=\skip64
\localshorthandwidth=\skip65
\localshortjournalwidth=\skip66
\localshortserieswidth=\skip67
\localshorttitlewidth=\skip68
\localshortauthorwidth=\skip69
\localshorteditorwidth=\skip70
Package biblatex Info: Trying to load compatibility code...
Package biblatex Info: ... file 'blx-compat.def' found.

("C:\Users\KBP\AppData\Local\Programs\MiKTeX 2.9\tex/latex/biblatex\blx-compat.
def"
File: blx-compat.def 2019/12/01 v3.14 biblatex compatibility (PK/MW)
)
Package biblatex Info: Trying to load generic definitions...
Package biblatex Info: ... file 'biblatex.def' found.

("C:\Users\KBP\AppData\Local\Programs\MiKTeX 2.9\tex/latex/biblatex\biblatex.de
f"
File: biblatex.def 2019/12/01 v3.14 biblatex compatibility (PK/MW)
\c@textcitecount=\count361
\c@textcitetotal=\count362
\c@textcitemaxnames=\count363
\c@biburlbigbreakpenalty=\count364
\c@biburlbreakpenalty=\count365
\c@biburlnumpenalty=\count366
\c@biburlucpenalty=\count367
\c@biburllcpenalty=\count368
\biburlbigskip=\muskip17
\biburlnumskip=\muskip18
\biburlucskip=\muskip19
\biburllcskip=\muskip20
\c@smartand=\count369
)
Package biblatex Info: Trying to load bibliography style 'authoryear'...
Package biblatex Info: ... file 'authoryear.bbx' found.

("C:\Users\KBP\AppData\Local\Programs\MiKTeX 2.9\tex/latex/biblatex/bbx\authory
ear.bbx"
File: authoryear.bbx 2019/12/01 v3.14 biblatex bibliography style (PK/MW)
Package biblatex Info: Trying to load bibliography style 'standard'...
Package biblatex Info: ... file 'standard.bbx' found.

("C:\Users\KBP\AppData\Local\Programs\MiKTeX 2.9\tex/latex/biblatex/bbx\standar
d.bbx"
File: standard.bbx 2019/12/01 v3.14 biblatex bibliography style (PK/MW)
\c@bbx:relatedcount=\count370
\c@bbx:relatedtotal=\count371
))
Package biblatex Info: Trying to load citation style 'authoryear'...
Package biblatex Info: ... file 'authoryear.cbx' found.

("C:\Users\KBP\AppData\Local\Programs\MiKTeX 2.9\tex/latex/biblatex/cbx\authory
ear.cbx"
File: authoryear.cbx 2019/12/01 v3.14 biblatex citation style (PK/MW)
Package biblatex Info: Redefining '\cite'.
Package biblatex Info: Redefining '\parencite'.
Package biblatex Info: Redefining '\footcite'.
Package biblatex Info: Redefining '\footcitetext'.
Package biblatex Info: Redefining '\smartcite'.
Package biblatex Info: Redefining '\textcite'.
Package biblatex Info: Redefining '\textcites'.
)
Package biblatex Info: Trying to load configuration file...
Package biblatex Info: ... file 'biblatex.cfg' found.

("C:\Users\KBP\AppData\Local\Programs\MiKTeX 2.9\tex/latex/biblatex\biblatex.cf
g"
File: biblatex.cfg 
))
("C:\Users\KBP\AppData\Local\Programs\MiKTeX 2.9\tex/latex/pgfplots\pgfplots.st
y"
("C:\Users\KBP\AppData\Local\Programs\MiKTeX 2.9\tex/generic/pgfplots\pgfplots.
revision.tex")
Package: pgfplots 2018/03/28 v1.16 Data Visualization (1.16)

("C:\Users\KBP\AppData\Local\Programs\MiKTeX 2.9\tex/latex/graphics\graphicx.st
y"
Package: graphicx 2019/11/30 v1.2a Enhanced LaTeX Graphics (DPC,SPQR)

("C:\Users\KBP\AppData\Local\Programs\MiKTeX 2.9\tex/latex/graphics\graphics.st
y"
Package: graphics 2019/11/30 v1.4a Standard LaTeX Graphics (DPC,SPQR)
 ("C:\Users\KBP\AppData\Local\Programs\MiKTeX 2.9\tex/latex/graphics\trig.sty"
Package: trig 2016/01/03 v1.10 sin cos tan (DPC)
)
("C:\Users\KBP\AppData\Local\Programs\MiKTeX 2.9\tex/latex/graphics-cfg\graphic
s.cfg"
File: graphics.cfg 2016/06/04 v1.11 sample graphics configuration
)
Package graphics Info: Driver file: pdftex.def on input line 105.

("C:\Users\KBP\AppData\Local\Programs\MiKTeX 2.9\tex/latex/graphics-def\pdftex.
def"
File: pdftex.def 2018/01/08 v1.0l Graphics/color driver for pdftex
))
\Gin@req@height=\dimen148
\Gin@req@width=\dimen149
)
("C:\Users\KBP\AppData\Local\Programs\MiKTeX 2.9\tex/latex/pgf/frontendlayer\ti
kz.sty"
("C:\Users\KBP\AppData\Local\Programs\MiKTeX 2.9\tex/latex/pgf/basiclayer\pgf.s
ty"
("C:\Users\KBP\AppData\Local\Programs\MiKTeX 2.9\tex/latex/pgf/utilities\pgfrcs
.sty"
("C:\Users\KBP\AppData\Local\Programs\MiKTeX 2.9\tex/generic/pgf/utilities\pgfu
til-common.tex"
\pgfutil@everybye=\toks18
\pgfutil@tempdima=\dimen150
\pgfutil@tempdimb=\dimen151

("C:\Users\KBP\AppData\Local\Programs\MiKTeX 2.9\tex/generic/pgf/utilities\pgfu
til-common-lists.tex"))
("C:\Users\KBP\AppData\Local\Programs\MiKTeX 2.9\tex/generic/pgf/utilities\pgfu
til-latex.def"
\pgfutil@abb=\box45

("C:\Users\KBP\AppData\Local\Programs\MiKTeX 2.9\tex/latex/ms\everyshi.sty"
Package: everyshi 2001/05/15 v3.00 EveryShipout Package (MS)
))
("C:\Users\KBP\AppData\Local\Programs\MiKTeX 2.9\tex/generic/pgf/utilities\pgfr
cs.code.tex"
("C:\Users\KBP\AppData\Local\Programs\MiKTeX 2.9\tex/generic/pgf\pgf.revision.t
ex")
Package: pgfrcs 2020/01/08 v3.1.5b (3.1.5b)
))
Package: pgf 2020/01/08 v3.1.5b (3.1.5b)

("C:\Users\KBP\AppData\Local\Programs\MiKTeX 2.9\tex/latex/pgf/basiclayer\pgfco
re.sty"
("C:\Users\KBP\AppData\Local\Programs\MiKTeX 2.9\tex/latex/pgf/systemlayer\pgfs
ys.sty"
("C:\Users\KBP\AppData\Local\Programs\MiKTeX 2.9\tex/generic/pgf/systemlayer\pg
fsys.code.tex"
Package: pgfsys 2020/01/08 v3.1.5b (3.1.5b)

("C:\Users\KBP\AppData\Local\Programs\MiKTeX 2.9\tex/generic/pgf/utilities\pgfk
eys.code.tex"
\pgfkeys@pathtoks=\toks19
\pgfkeys@temptoks=\toks20

("C:\Users\KBP\AppData\Local\Programs\MiKTeX 2.9\tex/generic/pgf/utilities\pgfk
eysfiltered.code.tex"
\pgfkeys@tmptoks=\toks21
))
\pgf@x=\dimen152
\pgf@y=\dimen153
\pgf@xa=\dimen154
\pgf@ya=\dimen155
\pgf@xb=\dimen156
\pgf@yb=\dimen157
\pgf@xc=\dimen158
\pgf@yc=\dimen159
\pgf@xd=\dimen160
\pgf@yd=\dimen161
\w@pgf@writea=\write4
\r@pgf@reada=\read4
\c@pgf@counta=\count372
\c@pgf@countb=\count373
\c@pgf@countc=\count374
\c@pgf@countd=\count375
\t@pgf@toka=\toks22
\t@pgf@tokb=\toks23
\t@pgf@tokc=\toks24
\pgf@sys@id@count=\count376

("C:\Users\KBP\AppData\Local\Programs\MiKTeX 2.9\tex/generic/pgf/systemlayer\pg
f.cfg"
File: pgf.cfg 2020/01/08 v3.1.5b (3.1.5b)
)
Driver file for pgf: pgfsys-pdftex.def

("C:\Users\KBP\AppData\Local\Programs\MiKTeX 2.9\tex/generic/pgf/systemlayer\pg
fsys-pdftex.def"
File: pgfsys-pdftex.def 2020/01/08 v3.1.5b (3.1.5b)

("C:\Users\KBP\AppData\Local\Programs\MiKTeX 2.9\tex/generic/pgf/systemlayer\pg
fsys-common-pdf.def"
File: pgfsys-common-pdf.def 2020/01/08 v3.1.5b (3.1.5b)
)))
("C:\Users\KBP\AppData\Local\Programs\MiKTeX 2.9\tex/generic/pgf/systemlayer\pg
fsyssoftpath.code.tex"
File: pgfsyssoftpath.code.tex 2020/01/08 v3.1.5b (3.1.5b)
\pgfsyssoftpath@smallbuffer@items=\count377
\pgfsyssoftpath@bigbuffer@items=\count378
)
("C:\Users\KBP\AppData\Local\Programs\MiKTeX 2.9\tex/generic/pgf/systemlayer\pg
fsysprotocol.code.tex"
File: pgfsysprotocol.code.tex 2020/01/08 v3.1.5b (3.1.5b)
))
("C:\Users\KBP\AppData\Local\Programs\MiKTeX 2.9\tex/latex/xcolor\xcolor.sty"
Package: xcolor 2016/05/11 v2.12 LaTeX color extensions (UK)

("C:\Users\KBP\AppData\Local\Programs\MiKTeX 2.9\tex/latex/graphics-cfg\color.c
fg"
File: color.cfg 2016/01/02 v1.6 sample color configuration
)
Package xcolor Info: Driver file: pdftex.def on input line 225.
Package xcolor Info: Model `cmy' substituted by `cmy0' on input line 1348.
Package xcolor Info: Model `hsb' substituted by `rgb' on input line 1352.
Package xcolor Info: Model `RGB' extended on input line 1364.
Package xcolor Info: Model `HTML' substituted by `rgb' on input line 1366.
Package xcolor Info: Model `Hsb' substituted by `hsb' on input line 1367.
Package xcolor Info: Model `tHsb' substituted by `hsb' on input line 1368.
Package xcolor Info: Model `HSB' substituted by `hsb' on input line 1369.
Package xcolor Info: Model `Gray' substituted by `gray' on input line 1370.
Package xcolor Info: Model `wave' substituted by `hsb' on input line 1371.
)
("C:\Users\KBP\AppData\Local\Programs\MiKTeX 2.9\tex/generic/pgf/basiclayer\pgf
core.code.tex"
Package: pgfcore 2020/01/08 v3.1.5b (3.1.5b)

("C:\Users\KBP\AppData\Local\Programs\MiKTeX 2.9\tex/generic/pgf/math\pgfmath.c
ode.tex"
("C:\Users\KBP\AppData\Local\Programs\MiKTeX 2.9\tex/generic/pgf/math\pgfmathca
lc.code.tex"
("C:\Users\KBP\AppData\Local\Programs\MiKTeX 2.9\tex/generic/pgf/math\pgfmathut
il.code.tex")
("C:\Users\KBP\AppData\Local\Programs\MiKTeX 2.9\tex/generic/pgf/math\pgfmathpa
rser.code.tex"
\pgfmath@dimen=\dimen162
\pgfmath@count=\count379
\pgfmath@box=\box46
\pgfmath@toks=\toks25
\pgfmath@stack@operand=\toks26
\pgfmath@stack@operation=\toks27
)
("C:\Users\KBP\AppData\Local\Programs\MiKTeX 2.9\tex/generic/pgf/math\pgfmathfu
nctions.code.tex"
("C:\Users\KBP\AppData\Local\Programs\MiKTeX 2.9\tex/generic/pgf/math\pgfmathfu
nctions.basic.code.tex")
("C:\Users\KBP\AppData\Local\Programs\MiKTeX 2.9\tex/generic/pgf/math\pgfmathfu
nctions.trigonometric.code.tex")
("C:\Users\KBP\AppData\Local\Programs\MiKTeX 2.9\tex/generic/pgf/math\pgfmathfu
nctions.random.code.tex")
("C:\Users\KBP\AppData\Local\Programs\MiKTeX 2.9\tex/generic/pgf/math\pgfmathfu
nctions.comparison.code.tex")
("C:\Users\KBP\AppData\Local\Programs\MiKTeX 2.9\tex/generic/pgf/math\pgfmathfu
nctions.base.code.tex")
("C:\Users\KBP\AppData\Local\Programs\MiKTeX 2.9\tex/generic/pgf/math\pgfmathfu
nctions.round.code.tex")
("C:\Users\KBP\AppData\Local\Programs\MiKTeX 2.9\tex/generic/pgf/math\pgfmathfu
nctions.misc.code.tex")
("C:\Users\KBP\AppData\Local\Programs\MiKTeX 2.9\tex/generic/pgf/math\pgfmathfu
nctions.integerarithmetics.code.tex")))
("C:\Users\KBP\AppData\Local\Programs\MiKTeX 2.9\tex/generic/pgf/math\pgfmathfl
oat.code.tex"
\c@pgfmathroundto@lastzeros=\count380
))
("C:\Users\KBP\AppData\Local\Programs\MiKTeX 2.9\tex/generic/pgf/math\pgfint.co
de.tex")
("C:\Users\KBP\AppData\Local\Programs\MiKTeX 2.9\tex/generic/pgf/basiclayer\pgf
corepoints.code.tex"
File: pgfcorepoints.code.tex 2020/01/08 v3.1.5b (3.1.5b)
\pgf@picminx=\dimen163
\pgf@picmaxx=\dimen164
\pgf@picminy=\dimen165
\pgf@picmaxy=\dimen166
\pgf@pathminx=\dimen167
\pgf@pathmaxx=\dimen168
\pgf@pathminy=\dimen169
\pgf@pathmaxy=\dimen170
\pgf@xx=\dimen171
\pgf@xy=\dimen172
\pgf@yx=\dimen173
\pgf@yy=\dimen174
\pgf@zx=\dimen175
\pgf@zy=\dimen176
)
("C:\Users\KBP\AppData\Local\Programs\MiKTeX 2.9\tex/generic/pgf/basiclayer\pgf
corepathconstruct.code.tex"
File: pgfcorepathconstruct.code.tex 2020/01/08 v3.1.5b (3.1.5b)
\pgf@path@lastx=\dimen177
\pgf@path@lasty=\dimen178
)
("C:\Users\KBP\AppData\Local\Programs\MiKTeX 2.9\tex/generic/pgf/basiclayer\pgf
corepathusage.code.tex"
File: pgfcorepathusage.code.tex 2020/01/08 v3.1.5b (3.1.5b)
\pgf@shorten@end@additional=\dimen179
\pgf@shorten@start@additional=\dimen180
)
("C:\Users\KBP\AppData\Local\Programs\MiKTeX 2.9\tex/generic/pgf/basiclayer\pgf
corescopes.code.tex"
File: pgfcorescopes.code.tex 2020/01/08 v3.1.5b (3.1.5b)
\pgfpic=\box47
\pgf@hbox=\box48
\pgf@layerbox@main=\box49
\pgf@picture@serial@count=\count381
)
("C:\Users\KBP\AppData\Local\Programs\MiKTeX 2.9\tex/generic/pgf/basiclayer\pgf
coregraphicstate.code.tex"
File: pgfcoregraphicstate.code.tex 2020/01/08 v3.1.5b (3.1.5b)
\pgflinewidth=\dimen181
)
("C:\Users\KBP\AppData\Local\Programs\MiKTeX 2.9\tex/generic/pgf/basiclayer\pgf
coretransformations.code.tex"
File: pgfcoretransformations.code.tex 2020/01/08 v3.1.5b (3.1.5b)
\pgf@pt@x=\dimen182
\pgf@pt@y=\dimen183
\pgf@pt@temp=\dimen184
)
("C:\Users\KBP\AppData\Local\Programs\MiKTeX 2.9\tex/generic/pgf/basiclayer\pgf
corequick.code.tex"
File: pgfcorequick.code.tex 2020/01/08 v3.1.5b (3.1.5b)
)
("C:\Users\KBP\AppData\Local\Programs\MiKTeX 2.9\tex/generic/pgf/basiclayer\pgf
coreobjects.code.tex"
File: pgfcoreobjects.code.tex 2020/01/08 v3.1.5b (3.1.5b)
)
("C:\Users\KBP\AppData\Local\Programs\MiKTeX 2.9\tex/generic/pgf/basiclayer\pgf
corepathprocessing.code.tex"
File: pgfcorepathprocessing.code.tex 2020/01/08 v3.1.5b (3.1.5b)
)
("C:\Users\KBP\AppData\Local\Programs\MiKTeX 2.9\tex/generic/pgf/basiclayer\pgf
corearrows.code.tex"
File: pgfcorearrows.code.tex 2020/01/08 v3.1.5b (3.1.5b)
\pgfarrowsep=\dimen185
)
("C:\Users\KBP\AppData\Local\Programs\MiKTeX 2.9\tex/generic/pgf/basiclayer\pgf
coreshade.code.tex"
File: pgfcoreshade.code.tex 2020/01/08 v3.1.5b (3.1.5b)
\pgf@max=\dimen186
\pgf@sys@shading@range@num=\count382
\pgf@shadingcount=\count383
)
("C:\Users\KBP\AppData\Local\Programs\MiKTeX 2.9\tex/generic/pgf/basiclayer\pgf
coreimage.code.tex"
File: pgfcoreimage.code.tex 2020/01/08 v3.1.5b (3.1.5b)

("C:\Users\KBP\AppData\Local\Programs\MiKTeX 2.9\tex/generic/pgf/basiclayer\pgf
coreexternal.code.tex"
File: pgfcoreexternal.code.tex 2020/01/08 v3.1.5b (3.1.5b)
\pgfexternal@startupbox=\box50
))
("C:\Users\KBP\AppData\Local\Programs\MiKTeX 2.9\tex/generic/pgf/basiclayer\pgf
corelayers.code.tex"
File: pgfcorelayers.code.tex 2020/01/08 v3.1.5b (3.1.5b)
)
("C:\Users\KBP\AppData\Local\Programs\MiKTeX 2.9\tex/generic/pgf/basiclayer\pgf
coretransparency.code.tex"
File: pgfcoretransparency.code.tex 2020/01/08 v3.1.5b (3.1.5b)
)
("C:\Users\KBP\AppData\Local\Programs\MiKTeX 2.9\tex/generic/pgf/basiclayer\pgf
corepatterns.code.tex"
File: pgfcorepatterns.code.tex 2020/01/08 v3.1.5b (3.1.5b)
)
("C:\Users\KBP\AppData\Local\Programs\MiKTeX 2.9\tex/generic/pgf/basiclayer\pgf
corerdf.code.tex"
File: pgfcorerdf.code.tex 2020/01/08 v3.1.5b (3.1.5b)
)))
("C:\Users\KBP\AppData\Local\Programs\MiKTeX 2.9\tex/generic/pgf/modules\pgfmod
uleshapes.code.tex"
File: pgfmoduleshapes.code.tex 2020/01/08 v3.1.5b (3.1.5b)
\pgfnodeparttextbox=\box51
)
("C:\Users\KBP\AppData\Local\Programs\MiKTeX 2.9\tex/generic/pgf/modules\pgfmod
uleplot.code.tex"
File: pgfmoduleplot.code.tex 2020/01/08 v3.1.5b (3.1.5b)
)
("C:\Users\KBP\AppData\Local\Programs\MiKTeX 2.9\tex/latex/pgf/compatibility\pg
fcomp-version-0-65.sty"
Package: pgfcomp-version-0-65 2020/01/08 v3.1.5b (3.1.5b)
\pgf@nodesepstart=\dimen187
\pgf@nodesepend=\dimen188
)
("C:\Users\KBP\AppData\Local\Programs\MiKTeX 2.9\tex/latex/pgf/compatibility\pg
fcomp-version-1-18.sty"
Package: pgfcomp-version-1-18 2020/01/08 v3.1.5b (3.1.5b)
))
("C:\Users\KBP\AppData\Local\Programs\MiKTeX 2.9\tex/latex/pgf/utilities\pgffor
.sty"
("C:\Users\KBP\AppData\Local\Programs\MiKTeX 2.9\tex/latex/pgf/utilities\pgfkey
s.sty"
("C:\Users\KBP\AppData\Local\Programs\MiKTeX 2.9\tex/generic/pgf/utilities\pgfk
eys.code.tex"))
("C:\Users\KBP\AppData\Local\Programs\MiKTeX 2.9\tex/latex/pgf/math\pgfmath.sty
"
("C:\Users\KBP\AppData\Local\Programs\MiKTeX 2.9\tex/generic/pgf/math\pgfmath.c
ode.tex"))
("C:\Users\KBP\AppData\Local\Programs\MiKTeX 2.9\tex/generic/pgf/utilities\pgff
or.code.tex"
Package: pgffor 2020/01/08 v3.1.5b (3.1.5b)

("C:\Users\KBP\AppData\Local\Programs\MiKTeX 2.9\tex/generic/pgf/math\pgfmath.c
ode.tex")
\pgffor@iter=\dimen189
\pgffor@skip=\dimen190
\pgffor@stack=\toks28
\pgffor@toks=\toks29
))
("C:\Users\KBP\AppData\Local\Programs\MiKTeX 2.9\tex/generic/pgf/frontendlayer/
tikz\tikz.code.tex"
Package: tikz 2020/01/08 v3.1.5b (3.1.5b)

("C:\Users\KBP\AppData\Local\Programs\MiKTeX 2.9\tex/generic/pgf/libraries\pgfl
ibraryplothandlers.code.tex"
File: pgflibraryplothandlers.code.tex 2020/01/08 v3.1.5b (3.1.5b)
\pgf@plot@mark@count=\count384
\pgfplotmarksize=\dimen191
)
\tikz@lastx=\dimen192
\tikz@lasty=\dimen193
\tikz@lastxsaved=\dimen194
\tikz@lastysaved=\dimen195
\tikz@lastmovetox=\dimen196
\tikz@lastmovetoy=\dimen197
\tikzleveldistance=\dimen198
\tikzsiblingdistance=\dimen199
\tikz@figbox=\box52
\tikz@figbox@bg=\box53
\tikz@tempbox=\box54
\tikz@tempbox@bg=\box55
\tikztreelevel=\count385
\tikznumberofchildren=\count386
\tikznumberofcurrentchild=\count387
\tikz@fig@count=\count388

("C:\Users\KBP\AppData\Local\Programs\MiKTeX 2.9\tex/generic/pgf/modules\pgfmod
ulematrix.code.tex"
File: pgfmodulematrix.code.tex 2020/01/08 v3.1.5b (3.1.5b)
\pgfmatrixcurrentrow=\count389
\pgfmatrixcurrentcolumn=\count390
\pgf@matrix@numberofcolumns=\count391
)
\tikz@expandcount=\count392

("C:\Users\KBP\AppData\Local\Programs\MiKTeX 2.9\tex/generic/pgf/frontendlayer/
tikz/libraries\tikzlibrarytopaths.code.tex"
File: tikzlibrarytopaths.code.tex 2020/01/08 v3.1.5b (3.1.5b)
)))
("C:\Users\KBP\AppData\Local\Programs\MiKTeX 2.9\tex/generic/pgfplots\pgfplots.
code.tex"
("C:\Users\KBP\AppData\Local\Programs\MiKTeX 2.9\tex/generic/pgfplots\pgfplotsc
ore.code.tex"
\t@pgfplots@toka=\toks30
\t@pgfplots@tokb=\toks31
\t@pgfplots@tokc=\toks32
\pgfplots@tmpa=\dimen256
\c@pgfplots@coordindex=\count393
\c@pgfplots@scanlineindex=\count394

("C:\Users\KBP\AppData\Local\Programs\MiKTeX 2.9\tex/generic/pgfplots/sys\pgfpl
otssysgeneric.code.tex"))
("C:\Users\KBP\AppData\Local\Programs\MiKTeX 2.9\tex/generic/pgfplots/libs\pgfp
lotslibrary.code.tex")
("C:\Users\KBP\AppData\Local\Programs\MiKTeX 2.9\tex/generic/pgfplots/oldpgfcom
patib\pgfplotsoldpgfsupp_loader.code.tex"
("C:\Users\KBP\AppData\Local\Programs\MiKTeX 2.9\tex/generic/pgf/libraries\pgfl
ibraryfpu.code.tex"))
("C:\Users\KBP\AppData\Local\Programs\MiKTeX 2.9\tex/generic/pgfplots/util\pgfp
lotsutil.code.tex"
("C:\Users\KBP\AppData\Local\Programs\MiKTeX 2.9\tex/generic/pgfplots/liststruc
ture\pgfplotsliststructure.code.tex")
("C:\Users\KBP\AppData\Local\Programs\MiKTeX 2.9\tex/generic/pgfplots/liststruc
ture\pgfplotsliststructureext.code.tex")
("C:\Users\KBP\AppData\Local\Programs\MiKTeX 2.9\tex/generic/pgfplots/liststruc
ture\pgfplotsarray.code.tex"
\c@pgfplotsarray@tmp=\count395
)
("C:\Users\KBP\AppData\Local\Programs\MiKTeX 2.9\tex/generic/pgfplots/liststruc
ture\pgfplotsmatrix.code.tex")
("C:\Users\KBP\AppData\Local\Programs\MiKTeX 2.9\tex/generic/pgfplots/numtable\
pgfplotstableshared.code.tex"
\c@pgfplotstable@counta=\count396
\t@pgfplotstable@a=\toks33
)
("C:\Users\KBP\AppData\Local\Programs\MiKTeX 2.9\tex/generic/pgfplots/liststruc
ture\pgfplotsdeque.code.tex")
("C:\Users\KBP\AppData\Local\Programs\MiKTeX 2.9\tex/generic/pgfplots/util\pgfp
lotsbinary.code.tex"
("C:\Users\KBP\AppData\Local\Programs\MiKTeX 2.9\tex/generic/pgfplots/util\pgfp
lotsbinary.data.code.tex"))
("C:\Users\KBP\AppData\Local\Programs\MiKTeX 2.9\tex/generic/pgfplots/util\pgfp
lotsutil.verb.code.tex")
("C:\Users\KBP\AppData\Local\Programs\MiKTeX 2.9\tex/generic/pgfplots/libs\pgfl
ibrarypgfplots.surfshading.code.tex"
\c@pgfplotslibrarysurf@no=\count397

("C:\Users\KBP\AppData\Local\Programs\MiKTeX 2.9\tex/generic/pgfplots/sys\pgfli
brarypgfplots.surfshading.pgfsys-pdftex.def")))
("C:\Users\KBP\AppData\Local\Programs\MiKTeX 2.9\tex/generic/pgfplots/util\pgfp
lotscolormap.code.tex"
("C:\Users\KBP\AppData\Local\Programs\MiKTeX 2.9\tex/generic/pgfplots/util\pgfp
lotscolor.code.tex"))
("C:\Users\KBP\AppData\Local\Programs\MiKTeX 2.9\tex/generic/pgfplots\pgfplotss
tackedplots.code.tex")
("C:\Users\KBP\AppData\Local\Programs\MiKTeX 2.9\tex/generic/pgfplots\pgfplotsp
lothandlers.code.tex"
("C:\Users\KBP\AppData\Local\Programs\MiKTeX 2.9\tex/generic/pgfplots\pgfplotsm
eshplothandler.code.tex"
("C:\Users\KBP\AppData\Local\Programs\MiKTeX 2.9\tex/generic/pgfplots\pgfplotsm
eshplotimage.code.tex")))
("C:\Users\KBP\AppData\Local\Programs\MiKTeX 2.9\tex/generic/pgfplots\pgfplots.
scaling.code.tex")
("C:\Users\KBP\AppData\Local\Programs\MiKTeX 2.9\tex/generic/pgfplots\pgfplotsc
oordprocessing.code.tex")
("C:\Users\KBP\AppData\Local\Programs\MiKTeX 2.9\tex/generic/pgfplots\pgfplots.
errorbars.code.tex")
("C:\Users\KBP\AppData\Local\Programs\MiKTeX 2.9\tex/generic/pgfplots\pgfplots.
markers.code.tex")
("C:\Users\KBP\AppData\Local\Programs\MiKTeX 2.9\tex/generic/pgfplots\pgfplotst
icks.code.tex")
("C:\Users\KBP\AppData\Local\Programs\MiKTeX 2.9\tex/generic/pgfplots\pgfplots.
paths.code.tex")
("C:\Users\KBP\AppData\Local\Programs\MiKTeX 2.9\tex/generic/pgf/frontendlayer/
tikz/libraries\tikzlibrarydecorations.code.tex"
("C:\Users\KBP\AppData\Local\Programs\MiKTeX 2.9\tex/generic/pgf/modules\pgfmod
uledecorations.code.tex"
\pgfdecoratedcompleteddistance=\dimen257
\pgfdecoratedremainingdistance=\dimen258
\pgfdecoratedinputsegmentcompleteddistance=\dimen259
\pgfdecoratedinputsegmentremainingdistance=\dimen260
\pgf@decorate@distancetomove=\dimen261
\pgf@decorate@repeatstate=\count398
\pgfdecorationsegmentamplitude=\dimen262
\pgfdecorationsegmentlength=\dimen263
)
\tikz@lib@dec@box=\box56
)
("C:\Users\KBP\AppData\Local\Programs\MiKTeX 2.9\tex/generic/pgf/frontendlayer/
tikz/libraries\tikzlibrarydecorations.pathmorphing.code.tex"
("C:\Users\KBP\AppData\Local\Programs\MiKTeX 2.9\tex/generic/pgf/libraries/deco
rations\pgflibrarydecorations.pathmorphing.code.tex"))
("C:\Users\KBP\AppData\Local\Programs\MiKTeX 2.9\tex/generic/pgf/frontendlayer/
tikz/libraries\tikzlibrarydecorations.pathreplacing.code.tex"
("C:\Users\KBP\AppData\Local\Programs\MiKTeX 2.9\tex/generic/pgf/libraries/deco
rations\pgflibrarydecorations.pathreplacing.code.tex"))
\pgfplots@numplots=\count399
\pgfplots@xmin@reg=\dimen264
\pgfplots@xmax@reg=\dimen265
\pgfplots@ymin@reg=\dimen266
\pgfplots@ymax@reg=\dimen267
\pgfplots@zmin@reg=\dimen268
\pgfplots@zmax@reg=\dimen269
)
("C:\Users\KBP\AppData\Local\Programs\MiKTeX 2.9\tex/generic/pgf/frontendlayer/
tikz/libraries\tikzlibraryplotmarks.code.tex"
File: tikzlibraryplotmarks.code.tex 2020/01/08 v3.1.5b (3.1.5b)

("C:\Users\KBP\AppData\Local\Programs\MiKTeX 2.9\tex/generic/pgf/libraries\pgfl
ibraryplotmarks.code.tex"
File: pgflibraryplotmarks.code.tex 2020/01/08 v3.1.5b (3.1.5b)
)))
("C:\Users\KBP\AppData\Local\Programs\MiKTeX 2.9\tex/latex/caption\caption.sty"
Package: caption 2020/01/03 v3.4h Customizing captions (AR)
("C:\Users\KBP\AppData\Local\Programs\MiKTeX 2.9\tex/latex/caption\caption3.sty
"
Package: caption3 2020/01/03 v1.8h caption3 kernel (AR)
Package caption3 Info: TeX engine: e-TeX on input line 61.
\captionmargin=\dimen270
\captionmargin@=\dimen271
\captionwidth=\dimen272
\caption@tempdima=\dimen273
\caption@indent=\dimen274
\caption@parindent=\dimen275
\caption@hangindent=\dimen276
Package caption Info: Standard document class detected.
)
\c@caption@flags=\count400
\c@continuedfloat=\count401
)
("C:\Users\KBP\AppData\Local\Programs\MiKTeX 2.9\tex/latex/adjustbox\adjustbox.
sty"
Package: adjustbox 2019/01/04 v1.2 Adjusting TeX boxes (trim, clip, ...)

("C:\Users\KBP\AppData\Local\Programs\MiKTeX 2.9\tex/latex/xkeyval\xkeyval.sty"
Package: xkeyval 2014/12/03 v2.7a package option processing (HA)

("C:\Users\KBP\AppData\Local\Programs\MiKTeX 2.9\tex/generic/xkeyval\xkeyval.te
x"
("C:\Users\KBP\AppData\Local\Programs\MiKTeX 2.9\tex/generic/xkeyval\xkvutils.t
ex"
\XKV@toks=\toks34
\XKV@tempa@toks=\toks35
)
\XKV@depth=\count402
File: xkeyval.tex 2014/12/03 v2.7a key=value parser (HA)
))
("C:\Users\KBP\AppData\Local\Programs\MiKTeX 2.9\tex/latex/adjustbox\adjcalc.st
y"
Package: adjcalc 2012/05/16 v1.1 Provides advanced setlength with multiple back
-ends (calc, etex, pgfmath)
)
("C:\Users\KBP\AppData\Local\Programs\MiKTeX 2.9\tex/latex/adjustbox\trimclip.s
ty"
Package: trimclip 2018/04/08 v1.1 Trim and clip general TeX material

("C:\Users\KBP\AppData\Local\Programs\MiKTeX 2.9\tex/latex/collectbox\collectbo
x.sty"
Package: collectbox 2012/05/17 v0.4b Collect macro arguments as boxes
\collectedbox=\box57
)
\tc@llx=\dimen277
\tc@lly=\dimen278
\tc@urx=\dimen279
\tc@ury=\dimen280
Package trimclip Info: Using driver 'tc-pdftex.def'.

("C:\Users\KBP\AppData\Local\Programs\MiKTeX 2.9\tex/latex/adjustbox\tc-pdftex.
def"
File: tc-pdftex.def 2019/01/04 v2.2 Clipping driver for pdftex
))
\adjbox@Width=\dimen281
\adjbox@Height=\dimen282
\adjbox@Depth=\dimen283
\adjbox@Totalheight=\dimen284
\adjbox@pwidth=\dimen285
\adjbox@pheight=\dimen286
\adjbox@pdepth=\dimen287
\adjbox@ptotalheight=\dimen288

("C:\Users\KBP\AppData\Local\Programs\MiKTeX 2.9\tex/latex/ifoddpage\ifoddpage.
sty"
Package: ifoddpage 2016/04/23 v1.1 Conditionals for odd/even page detection
\c@checkoddpage=\count403
)
("C:\Users\KBP\AppData\Local\Programs\MiKTeX 2.9\tex/latex/varwidth\varwidth.st
y"
Package: varwidth 2009/03/30 ver 0.92;  Variable-width minipages
\@vwid@box=\box58
\sift@deathcycles=\count404
\@vwid@loff=\dimen289
\@vwid@roff=\dimen290
))
("C:\Users\KBP\AppData\Local\Programs\MiKTeX 2.9\tex/latex/subfig\subfig.sty"
Package: subfig 2005/06/28 ver: 1.3 subfig package
\c@KVtest=\count405
\sf@farskip=\skip71
\sf@captopadj=\dimen291
\sf@capskip=\skip72
\sf@nearskip=\skip73
\c@subfigure=\count406
\c@subfigure@save=\count407
\c@lofdepth=\count408
\c@subtable=\count409
\c@subtable@save=\count410
\c@lotdepth=\count411
\sf@top=\skip74
\sf@bottom=\skip75
)
("C:\Users\KBP\AppData\Local\Programs\MiKTeX 2.9\tex/latex/amsmath\amsmath.sty"
Package: amsmath 2020/01/20 v2.17e AMS math features
\@mathmargin=\skip76
For additional information on amsmath, use the `?' option.
("C:\Users\KBP\AppData\Local\Programs\MiKTeX 2.9\tex/latex/amsmath\amstext.sty"
Package: amstext 2000/06/29 v2.01 AMS text
("C:\Users\KBP\AppData\Local\Programs\MiKTeX 2.9\tex/latex/amsmath\amsgen.sty"
File: amsgen.sty 1999/11/30 v2.0 generic functions
\@emptytoks=\toks36
\ex@=\dimen292
)) ("C:\Users\KBP\AppData\Local\Programs\MiKTeX 2.9\tex/latex/amsmath\amsbsy.st
y"
Package: amsbsy 1999/11/29 v1.2d Bold Symbols
\pmbraise@=\dimen293
) ("C:\Users\KBP\AppData\Local\Programs\MiKTeX 2.9\tex/latex/amsmath\amsopn.sty
"
Package: amsopn 2016/03/08 v2.02 operator names
)
\inf@bad=\count412
LaTeX Info: Redefining \frac on input line 227.
\uproot@=\count413
\leftroot@=\count414
LaTeX Info: Redefining \overline on input line 389.
\classnum@=\count415
\DOTSCASE@=\count416
LaTeX Info: Redefining \ldots on input line 486.
LaTeX Info: Redefining \dots on input line 489.
LaTeX Info: Redefining \cdots on input line 610.
\Mathstrutbox@=\box59
\strutbox@=\box60
\big@size=\dimen294
LaTeX Font Info:    Redeclaring font encoding OML on input line 733.
LaTeX Font Info:    Redeclaring font encoding OMS on input line 734.
\macc@depth=\count417
\c@MaxMatrixCols=\count418
\dotsspace@=\muskip21
\c@parentequation=\count419
\dspbrk@lvl=\count420
\tag@help=\toks37
\row@=\count421
\column@=\count422
\maxfields@=\count423
\andhelp@=\toks38
\eqnshift@=\dimen295
\alignsep@=\dimen296
\tagshift@=\dimen297
\tagwidth@=\dimen298
\totwidth@=\dimen299
\lineht@=\dimen300
\@envbody=\toks39
\multlinegap=\skip77
\multlinetaggap=\skip78
\mathdisplay@stack=\toks40
LaTeX Info: Redefining \[ on input line 2859.
LaTeX Info: Redefining \] on input line 2860.
) ("C:\Users\KBP\AppData\Local\Programs\MiKTeX 2.9\tex/latex/tools\bm.sty"
Package: bm 2019/07/24 v1.2d Bold Symbol Support (DPC/FMi)
\symboldoperators=\mathgroup4
\symboldletters=\mathgroup5
\symboldsymbols=\mathgroup6
\symboldlargesymbols=\mathgroup7
LaTeX Font Info:    Redeclaring math alphabet \mathbf on input line 141.
LaTeX Info: Redefining \bm on input line 209.
))

Package biblatex Warning: 'babel/polyglossia' detected but 'csquotes' missing.
(biblatex)                Loading 'csquotes' recommended.

\@quotelevel=\count424
\@quotereset=\count425

("C:\Users\KBP\AppData\Local\Programs\MiKTeX 2.9\tex/latex/l3backend\l3backend-
pdfmode.def"
File: l3backend-pdfmode.def 2020-02-03 L3 backend support: PDF mode
\l__kernel_color_stack_int=\count426
\l__pdf_internal_box=\box61
) (whole_thesis.aux (dictionary.aux) (chap_era.aux))
\openout1 = `whole_thesis.aux'.

LaTeX Font Info:    Checking defaults for OML/cmm/m/it on input line 5.
LaTeX Font Info:    ... okay on input line 5.
LaTeX Font Info:    Checking defaults for OMS/cmsy/m/n on input line 5.
LaTeX Font Info:    ... okay on input line 5.
LaTeX Font Info:    Checking defaults for OT1/cmr/m/n on input line 5.
LaTeX Font Info:    ... okay on input line 5.
LaTeX Font Info:    Checking defaults for T1/cmr/m/n on input line 5.
LaTeX Font Info:    ... okay on input line 5.
LaTeX Font Info:    Checking defaults for TS1/cmr/m/n on input line 5.
LaTeX Font Info:    ... okay on input line 5.
LaTeX Font Info:    Checking defaults for OMX/cmex/m/n on input line 5.
LaTeX Font Info:    ... okay on input line 5.
LaTeX Font Info:    Checking defaults for U/cmr/m/n on input line 5.
LaTeX Font Info:    ... okay on input line 5.
LaTeX Font Info:    Checking defaults for OT4/cmr/m/n on input line 5.
LaTeX Font Info:    ... okay on input line 5.

*geometry* driver: auto-detecting
*geometry* detected driver: pdftex
*geometry* verbose mode - [ preamble ] result:
* driver: pdftex
* paper: a4paper
* layout: <same size as paper>
* layoutoffset:(h,v)=(0.0pt,0.0pt)
* bindingoffset: 17.07164pt
* modes: twoside 
* h-part:(L,W,R)=(61.45795pt, 426.79134pt, 92.18695pt)
* v-part:(T,H,B)=(71.13188pt, 702.78308pt, 71.13188pt)
* \paperwidth=597.50787pt
* \paperheight=845.04684pt
* \textwidth=426.79134pt
* \textheight=702.78308pt
* \oddsidemargin=6.2596pt
* \evensidemargin=19.91696pt
* \topmargin=-38.1381pt
* \headheight=12.0pt
* \headsep=25.0pt
* \topskip=12.0pt
* \footskip=30.0pt
* \marginparwidth=95.0pt
* \marginparsep=10.0pt
* \columnsep=10.0pt
* \skip\footins=10.8pt plus 4.0pt minus 2.0pt
* \hoffset=0.0pt
* \voffset=0.0pt
* \mag=1000
* \@twocolumnfalse
* \@twosidetrue
* \@mparswitchtrue
* \@reversemarginfalse
* (1in=72.27pt=25.4mm, 1cm=28.453pt)

Package biblatex Info: Trying to load language 'polish'...
Package biblatex Info: ... file 'polish.lbx' found.

("C:\Users\KBP\AppData\Local\Programs\MiKTeX 2.9\tex/latex/biblatex/lbx\polish.
lbx"
File: polish.lbx 2019/12/01 v3.14 biblatex localization (PK/MW)
)
Package biblatex Info: Input encoding 'utf8' detected.
Package biblatex Info: Automatic encoding selection.
(biblatex)             Assuming data encoding 'utf8'.
\openout3 = `whole_thesis.bcf'.

Package biblatex Info: Trying to load bibliographic data...
Package biblatex Info: ... file 'whole_thesis.bbl' found.
 (whole_thesis.bbl

Package biblatex Warning: The following entry could not be found
(biblatex)                in the database:
(biblatex)                allemang_modal_2003
(biblatex)                Please verify the spelling and rerun
(biblatex)                LaTeX afterwards.


Package biblatex Warning: The following entry could not be found
(biblatex)                in the database:
(biblatex)                bendat_random_2011
(biblatex)                Please verify the spelling and rerun
(biblatex)                LaTeX afterwards.


Package biblatex Warning: The following entry could not be found
(biblatex)                in the database:
(biblatex)                brownjohn_ambient_2010
(biblatex)                Please verify the spelling and rerun
(biblatex)                LaTeX afterwards.


Package biblatex Warning: The following entry could not be found
(biblatex)                in the database:
(biblatex)                caicedo_practical_2011
(biblatex)                Please verify the spelling and rerun
(biblatex)                LaTeX afterwards.


Package biblatex Warning: The following entry could not be found
(biblatex)                in the database:
(biblatex)                chopra_dynamics_2012
(biblatex)                Please verify the spelling and rerun
(biblatex)                LaTeX afterwards.


Package biblatex Warning: The following entry could not be found
(biblatex)                in the database:
(biblatex)                ewins_modal_2000
(biblatex)                Please verify the spelling and rerun
(biblatex)                LaTeX afterwards.


Package biblatex Warning: The following entry could not be found
(biblatex)                in the database:
(biblatex)                hollkamp_modal_2001
(biblatex)                Please verify the spelling and rerun
(biblatex)                LaTeX afterwards.


Package biblatex Warning: The following entry could not be found
(biblatex)                in the database:
(biblatex)                nayeri_study_2009
(biblatex)                Please verify the spelling and rerun
(biblatex)                LaTeX afterwards.


Package biblatex Warning: The following entry could not be found
(biblatex)                in the database:
(biblatex)                pappa_consistent-mode_1992
(biblatex)                Please verify the spelling and rerun
(biblatex)                LaTeX afterwards.


Package biblatex Warning: The following entry could not be found
(biblatex)                in the database:
(biblatex)                rainieri_operational_2014
(biblatex)                Please verify the spelling and rerun
(biblatex)                LaTeX afterwards.


Package biblatex Warning: The following entry could not be found
(biblatex)                in the database:
(biblatex)                rucka_dynamika_2014
(biblatex)                Please verify the spelling and rerun
(biblatex)                LaTeX afterwards.


Package biblatex Warning: The following entry could not be found
(biblatex)                in the database:
(biblatex)                siringoringo_system_2008
(biblatex)                Please verify the spelling and rerun
(biblatex)                LaTeX afterwards.


Package biblatex Warning: The following entry could not be found
(biblatex)                in the database:
(biblatex)                szafranski_oddzialywania_2013
(biblatex)                Please verify the spelling and rerun
(biblatex)                LaTeX afterwards.


Package biblatex Warning: The following entry could not be found
(biblatex)                in the database:
(biblatex)                welch_use_1967
(biblatex)                Please verify the spelling and rerun
(biblatex)                LaTeX afterwards.

)
Package biblatex Info: Reference section=0 on input line 5.
Package biblatex Info: Reference segment=0 on input line 5.

("C:\Users\KBP\AppData\Local\Programs\MiKTeX 2.9\tex/context/base/mkii\supp-pdf
.mkii"
[Loading MPS to PDF converter (version 2006.09.02).]
\scratchcounter=\count427
\scratchdimen=\dimen301
\scratchbox=\box62
\nofMPsegments=\count428
\nofMParguments=\count429
\everyMPshowfont=\toks41
\MPscratchCnt=\count430
\MPscratchDim=\dimen302
\MPnumerator=\count431
\makeMPintoPDFobject=\count432
\everyMPtoPDFconversion=\toks42
)
("C:\Users\KBP\AppData\Local\Programs\MiKTeX 2.9\tex/latex/epstopdf-pkg\epstopd
f-base.sty"
Package: epstopdf-base 2020-01-24 v2.11 Base part for package epstopdf
Package epstopdf-base Info: Redefining graphics rule for `.eps' on input line 4
85.
) ABD: EveryShipout initializing macros

Package pgfplots Warning: running in backwards compatibility mode (unsuitable t
ick labels; missing features). Consider writing \pgfplotsset{compat=1.16} into 
your preamble.
 on input line 5.

Package caption Info: Begin \AtBeginDocument code.
Package caption Info: subfig package v1.3 is loaded.
Package caption Info: End \AtBeginDocument code.
LaTeX Font Info:    Trying to load font information for OML+plm on input line 6
.
("C:\Users\KBP\AppData\Local\Programs\MiKTeX 2.9\tex/latex/polski\omlplm.fd"
File: omlplm.fd 2008/02/24 v1.2.1 Font defs for fonts PL (MW)
)
LaTeX Font Info:    Trying to load font information for OMS+plsy on input line 
6.

("C:\Users\KBP\AppData\Local\Programs\MiKTeX 2.9\tex/latex/polski\omsplsy.fd"
File: omsplsy.fd 2008/02/24 v1.2.1 Font defs for fonts PL (MW)
)
LaTeX Font Info:    Trying to load font information for OMX+plex on input line 
6.

("C:\Users\KBP\AppData\Local\Programs\MiKTeX 2.9\tex/latex/polski\omxplex.fd"
File: omxplex.fd 2008/02/24 v1.2.1 Font defs for fonts PL (MW)
)
LaTeX Font Info:    External font `plex10' loaded for size
(Font)              <14.4> on input line 6.
LaTeX Font Info:    External font `plex10' loaded for size
(Font)              <10> on input line 6.
LaTeX Font Info:    External font `plex10' loaded for size
(Font)              <7> on input line 6.

[1



\providecommand \oddpage@label [2]{}

{C:/Users/KBP/AppData/Local/MiKTeX/2.9/pdftex/config/pdftex.map}]
(whole_thesis.toc
LaTeX Font Info:    External font `plex10' loaded for size
(Font)              <12> on input line 8.
LaTeX Font Info:    External font `plex10' loaded for size
(Font)              <8> on input line 8.
LaTeX Font Info:    External font `plex10' loaded for size
(Font)              <6> on input line 8.

Overfull \hbox (3.25421pt too wide) in paragraph at lines 40--40
 [][] []\OT4/cmr/m/n/12 Odpowied¹ sys-te-mów dy-na-micz-nych o sko«-czo-nej lic
z-bie stopni 
 []

[2

])
\tf@toc=\write5
\openout5 = `whole_thesis.toc'.

 [3]
\openout2 = `dictionary.aux'.

 (dictionary.tex) [4


] [5


]
Rozdzia\l  1.
<./figures/proste_300_decisive_freq.pdf, id=24, 205.92622pt x 219.34402pt>
File: ./figures/proste_300_decisive_freq.pdf Graphic file (type pdf)
<use ./figures/proste_300_decisive_freq.pdf>
Package pdftex.def Info: ./figures/proste_300_decisive_freq.pdf  used on input 
line 23.
(pdftex.def)             Requested size: 205.92572pt x 219.34348pt.
File: ./figures/proste_300_decisive_freq.pdf Graphic file (type pdf)
<use ./figures/proste_300_decisive_freq.pdf>
Package pdftex.def Info: ./figures/proste_300_decisive_freq.pdf  used on input 
line 24.
(pdftex.def)             Requested size: 205.92572pt x 219.34348pt.
<./figures/proste_300_3d_weig.pdf, id=25, 339.6708pt x 196.74922pt>
File: ./figures/proste_300_3d_weig.pdf Graphic file (type pdf)
<use ./figures/proste_300_3d_weig.pdf>
Package pdftex.def Info: ./figures/proste_300_3d_weig.pdf  used on input line 3
1.
(pdftex.def)             Requested size: 426.79134pt x 247.22083pt.
<./figures/proste_300_0_3_3d_arch_weig.pdf, id=26, 339.6708pt x 196.74922pt>
File: ./figures/proste_300_0_3_3d_arch_weig.pdf Graphic file (type pdf)
<use ./figures/proste_300_0_3_3d_arch_weig.pdf>
Package pdftex.def Info: ./figures/proste_300_0_3_3d_arch_weig.pdf  used on inp
ut line 37.
(pdftex.def)             Requested size: 426.79134pt x 247.22083pt.
<./figures/proste_300_3d_freq.pdf, id=27, 337.78188pt x 196.74922pt>
File: ./figures/proste_300_3d_freq.pdf Graphic file (type pdf)
<use ./figures/proste_300_3d_freq.pdf>
Package pdftex.def Info: ./figures/proste_300_3d_freq.pdf  used on input line 4
3.
(pdftex.def)             Requested size: 426.79134pt x 248.61682pt.
<./figures/proste_300_all.pdf, id=28, 398.99599pt x 221.95659pt>
File: ./figures/proste_300_all.pdf Graphic file (type pdf)
<use ./figures/proste_300_all.pdf>
Package pdftex.def Info: ./figures/proste_300_all.pdf  used on input line 49.
(pdftex.def)             Requested size: 426.79134pt x 237.43362pt.

LaTeX Warning: `h' float specifier changed to `ht'.


LaTeX Warning: `h' float specifier changed to `ht'.


LaTeX Warning: `h' float specifier changed to `ht'.


LaTeX Warning: `h' float specifier changed to `ht'.


Underfull \vbox (badness 10000) has occurred while \output is active []

 [6

 <./figures/proste_300_decisive_freq.pdf>] [7 <./figures/proste_300_3d_weig.pdf
>]
[8 <./figures/proste_300_0_3_3d_arch_weig.pdf> <./figures/proste_300_3d_freq.pd
f

pdfTeX warning: pdflatex.exe (file ./figures/proste_300_3d_freq.pdf): PDF inclu
sion: multiple pdfs with page group included in a single page
>]
Overfull \hbox (363.34425pt too wide) has occurred while \output is active
\OT4/cmr/m/sl/12 1.2.  \OT4/cmr/bx/sl/12 WYDZIELI ROZDZIA? \OT4/cmr/m/sl/12 M
ODELE OBIEKTÓW W CELACH ANALIZ DYNAMICZNYCH KALIBRACJA/WALIDACJA/WERYFIKACJA. \
OT4/cmr/m/n/12 9
 []

[9 <./figures/proste_300_all.pdf>]
Rozdzia\l  2.
[10

]
\openout2 = `chap_era.aux'.

 (chap_era.tex
Rozdzia\l  3.
[11


]
Overfull \hbox (5.53473pt too wide) in paragraph at lines 23--24
[]\OT4/cmr/m/n/12 Matematyczne mo-dele mo-dalne mog¡ cha-rak-te-ry-zo-wa¢ si¦ r
ó»-nym stop-niem skom-
 []



pdfTeX warning: pdflatex.exe (file ./figures//modal_analisys/schemat_theory_exp
er_a.pdf): PDF inclusion: found PDF version <1.7>, but at most version <1.5> al
lowed
<./figures//modal_analisys/schemat_theory_exper_a.pdf, id=148, 426.79138pt x 63
.98906pt>
File: ./figures//modal_analisys/schemat_theory_exper_a.pdf Graphic file (type p
df)
<use ./figures//modal_analisys/schemat_theory_exper_a.pdf>
Package pdftex.def Info: ./figures//modal_analisys/schemat_theory_exper_a.pdf  
used on input line 31.
(pdftex.def)             Requested size: 426.79034pt x 63.98889pt.

Overfull \hbox (7.83226pt too wide) in paragraph at lines 31--31
 [][] 
 []



pdfTeX warning: pdflatex.exe (file ./figures//modal_analisys/schemat_theory_exp
er_b.pdf): PDF inclusion: found PDF version <1.7>, but at most version <1.5> al
lowed
<./figures//modal_analisys/schemat_theory_exper_b.pdf, id=149, 426.79138pt x 62
.1018pt>
File: ./figures//modal_analisys/schemat_theory_exper_b.pdf Graphic file (type p
df)
<use ./figures//modal_analisys/schemat_theory_exper_b.pdf>
Package pdftex.def Info: ./figures//modal_analisys/schemat_theory_exper_b.pdf  
used on input line 33.
(pdftex.def)             Requested size: 426.79034pt x 62.10165pt.

Overfull \hbox (3.91563pt too wide) in paragraph at lines 33--35
 [][] 
 []


Overfull \hbox (3.10457pt too wide) in paragraph at lines 39--41
\OT4/cmr/m/n/12 struk-tury, naj-cz¦-±ciej za po-moc¡ mo-delu dys-kret-nego opi-
sa-nego ma-cie-rzami $\OT4/cmr/bx/n/12 M\OML/plm/m/it/12 ; \OT4/cmr/bx/n/12 C[]
\OML/plm/m/it/12 ; \OT4/cmr/bx/n/12 K$
 []

[12 <./figures//modal_analisys/schemat_theory_exper_a.pdf> <./figures//modal_an
alisys/schemat_theory_exper_b.pdf>]
Underfull \vbox (badness 10000) has occurred while \output is active []

 [13]
[14] [15] [16] [17] [18] [19] [20]
Overfull \hbox (1.62227pt too wide) in paragraph at lines 252--253
[]\OT4/cmr/m/n/12 metoda ±red-niego lub li-nio-wego przy-spie-sze-nia w prze-dz
iale ró»-ni-co-wym, oparte
 []

[21]

LaTeX Warning: Reference `eq: superposition_modal_1' on page 22 undefined on in
put line 276.

[22] [23]) [24]
Rozdzia\l  4.
[25


]
Rozdzia\l  5.

Overfull \hbox (1.00836pt too wide) in paragraph at lines 77--77
[]\OT4/cmr/bx/n/17.28 Badania - iden-ty-fi-ka-cja mo-dalna: wy-bór punk-
 []

<./figures/correlogram_badania.pdf, id=243, 371.16034pt x 211.38443pt>
File: ./figures/correlogram_badania.pdf Graphic file (type pdf)
<use ./figures/correlogram_badania.pdf>
Package pdftex.def Info: ./figures/correlogram_badania.pdf  used on input line 
81.
(pdftex.def)             Requested size: 426.79134pt x 243.06761pt.
<./figures/diagram_non_filtered.pdf, id=244, 440.38524pt x 219.34402pt>
File: ./figures/diagram_non_filtered.pdf Graphic file (type pdf)
<use ./figures/diagram_non_filtered.pdf>
Package pdftex.def Info: ./figures/diagram_non_filtered.pdf  used on input line
 87.
(pdftex.def)             Requested size: 440.38416pt x 219.34348pt.

Overfull \hbox (13.59282pt too wide) in paragraph at lines 87--89
 [][] 
 []

<./figures/diagram_filtered2.pdf, id=245, 440.38524pt x 219.34402pt>
File: ./figures/diagram_filtered2.pdf Graphic file (type pdf)
<use ./figures/diagram_filtered2.pdf>
Package pdftex.def Info: ./figures/diagram_filtered2.pdf  used on input line 93
.
(pdftex.def)             Requested size: 440.38416pt x 219.34348pt.

Overfull \hbox (13.59282pt too wide) in paragraph at lines 93--95
 [][] 
 []

<./figures/identified_mode_1.pdf, id=246, 248.40805pt x 248.40805pt>
File: ./figures/identified_mode_1.pdf Graphic file (type pdf)
<use ./figures/identified_mode_1.pdf>
Package pdftex.def Info: ./figures/identified_mode_1.pdf  used on input line 99
.
(pdftex.def)             Requested size: 248.40744pt x 248.40744pt.

LaTeX Warning: `h' float specifier changed to `ht'.


LaTeX Warning: `h' float specifier changed to `ht'.


LaTeX Warning: `h' float specifier changed to `ht'.


Underfull \vbox (badness 2680) has occurred while \output is active []

 [26

 <./figures/correlogram_badania.pdf>]
Overfull \hbox (5.47784pt too wide) has occurred while \output is active
\OT4/cmr/m/sl/12 5.3.  KALIBRACJA MODELU NUMERYCZNEGO Z WYKORZYSTANIEM PSO \OT4
/cmr/m/n/12 27
 []

[27 <./figures/diagram_non_filtered.pdf>]
Overfull \hbox (54.74542pt too wide) has occurred while \output is active
\OT4/cmr/m/n/12 28 \OT4/cmr/m/sl/12 ROZDZIA 5.  WIADUKT WK2 W CIGU POMORSKIEJ
 KOLEI METROPOLITALNEJ
 []

[28 <./figures/diagram_filtered2.pdf> <./figures/identified_mode_1.pdf

pdfTeX warning: pdflatex.exe (file ./figures/identified_mode_1.pdf): PDF inclus
ion: multiple pdfs with page group included in a single page
>]
Rozdzia\l  6.

Overfull \hbox (100.38716pt too wide) in paragraph at lines 121--122
\OT4/cmr/m/n/12 dowe. Wska-zówka do okre-±le-nia sta-cjo-nar-no-±ci { je-±li wa
r-to-±ci s¡ pra-wie staªe. ([];
 []


Overfull \hbox (45.45857pt too wide) in paragraph at lines 127--128
[]\OT4/cmr/m/n/12 Blisko po-ªo-»one piki { zmniej-sze-nie cz¦-sto-tli-wo-±ci pr
ób-ko-wa-nia ([]) 
 []


Overfull \hbox (72.518pt too wide) in paragraph at lines 133--134
\OT4/cmr/m/n/12 a cz¦-sto-tli-wo±¢ prób-ko-wa-nia jest równa cz¦-sto-tli-wo-±ci
 u»y-tych sy-gna-ªów ([]) 
 []


Overfull \hbox (142.49359pt too wide) in paragraph at lines 148--149
[]\OT4/cmr/m/n/12 ; []; []; [])
 []

[29

]
LaTeX Font Info:    Trying to load font information for OT4+cmss on input line 
153.

("C:\Users\KBP\AppData\Local\Programs\MiKTeX 2.9\tex/latex/polski\ot4cmss.fd"
File: ot4cmss.fd 2008/02/24 v1.2.1 Font defs for fonts PL (MW)
)
[30]
LaTeX Font Info:    Trying to load font information for OT4+cmtt on input line 
176.

("C:\Users\KBP\AppData\Local\Programs\MiKTeX 2.9\tex/latex/polski\ot4cmtt.fd"
File: ot4cmtt.fd 2008/02/24 v1.2.1 Font defs for fonts PL (MW)
)
Overfull \hbox (2.78679pt too wide) in paragraph at lines 177--177
[][]\OT4/cmr/m/n/12 Clough, Ray W i Jo-seph Pen-zien (1975). \OT4/cmr/m/it/12 D
y-na-mics of struc-tu-res\OT4/cmr/m/n/12 . New York: McGraw-
 []


Overfull \hbox (17.09633pt too wide) in paragraph at lines 177--177
[][]\OT4/cmr/m/n/12 Fialko, Ser-gey (2000). ``High-preformance ag-gre-ga-tion e
lement-by-element Ritz-gradient
 []

[31

]
! Misplaced alignment tab character &.
<argument> Computers &
                       Structures
l.177 
      
I can't figure out why you would want to use a tab mark
here. If you just want an ampersand, the remedy is
simple: Just type `I\&' now. But if some right brace
up above has ended a previous alignment prematurely,
you're probably due for more error messages, and you
might try typing `S' now just to see what is salvageable.

[32] (whole_thesis.aux (dictionary.aux) (chap_era.aux))

LaTeX Warning: There were undefined references.

Package logreq Info: Writing requests to 'whole_thesis.run.xml'.
\openout1 = `whole_thesis.run.xml'.

 ) 
Here is how much of TeX's memory you used:
 33328 strings out of 481522
 790686 string characters out of 2913237
 1498871 words of memory out of 3000000
 48023 multiletter control sequences out of 15000+200000
 555033 words of font info for 82 fonts, out of 3000000 for 9000
 1141 hyphenation exceptions out of 8191
 73i,10n,102p,2145b,1775s stack positions out of 5000i,500n,10000p,200000b,50000s
 <C:\Users\KBP\AppData\Local\MiKTeX\2.9\fonts/pk/ljfour/jknappen/ec/dpi600\tc
ti1200.pk>{C:/Users/KBP/AppData/Local/Programs/MiKTeX 2.9/fonts/enc/dvips/pl/pl
tt.enc}{C:/Users/KBP/AppData/Local/Programs/MiKTeX 2.9/fonts/enc/dvips/pl/plsc.
enc}{C:/Users/KBP/AppData/Local/Programs/MiKTeX 2.9/fonts/enc/dvips/pl/plrm.enc
}{C:/Users/KBP/AppData/Local/Programs/MiKTeX 2.9/fonts/enc/dvips/pl/plms.enc}{C
:/Users/KBP/AppData/Local/Programs/MiKTeX 2.9/fonts/enc/dvips/pl/plme.enc}{C:/U
sers/KBP/AppData/Local/Programs/MiKTeX 2.9/fonts/enc/dvips/pl/plmi.enc} <C:\Use
rs\KBP\AppData\Local\MiKTeX\2.9\fonts/pk/ljfour/jknappen/ec/dpi600\tcrm1200.pk>
{C:/Users/KBP/AppData/Local/Programs/MiKTeX 2.9/fonts/enc/dvips/pl/plit.enc}<C:
/Users/KBP/AppData/Local/Programs/MiKTeX 2.9/fonts/type1/public/amsfonts/cm/cmr
12.pfb><C:/Users/KBP/AppData/Local/Programs/MiKTeX 2.9/fonts/type1/public/pl/pl
bx12.pfb><C:/Users/KBP/AppData/Local/Programs/MiKTeX 2.9/fonts/type1/public/pl/
plbxsl10.pfb><C:/Users/KBP/AppData/Local/Programs/MiKTeX 2.9/fonts/type1/public
/pl/plcsc10.pfb><C:/Users/KBP/AppData/Local/Programs/MiKTeX 2.9/fonts/type1/pub
lic/pl/plex10.pfb><C:/Users/KBP/AppData/Local/Programs/MiKTeX 2.9/fonts/type1/p
ublic/pl/plmi12.pfb><C:/Users/KBP/AppData/Local/Programs/MiKTeX 2.9/fonts/type1
/public/pl/plmi8.pfb><C:/Users/KBP/AppData/Local/Programs/MiKTeX 2.9/fonts/type
1/public/pl/plmib10.pfb><C:/Users/KBP/AppData/Local/Programs/MiKTeX 2.9/fonts/t
ype1/public/pl/plr10.pfb><C:/Users/KBP/AppData/Local/Programs/MiKTeX 2.9/fonts/
type1/public/pl/plr12.pfb><C:/Users/KBP/AppData/Local/Programs/MiKTeX 2.9/fonts
/type1/public/pl/plr17.pfb><C:/Users/KBP/AppData/Local/Programs/MiKTeX 2.9/font
s/type1/public/pl/plr5.pfb><C:/Users/KBP/AppData/Local/Programs/MiKTeX 2.9/font
s/type1/public/pl/plr6.pfb><C:/Users/KBP/AppData/Local/Programs/MiKTeX 2.9/font
s/type1/public/pl/plr7.pfb><C:/Users/KBP/AppData/Local/Programs/MiKTeX 2.9/font
s/type1/public/pl/plr8.pfb><C:/Users/KBP/AppData/Local/Programs/MiKTeX 2.9/font
s/type1/public/pl/plr9.pfb><C:/Users/KBP/AppData/Local/Programs/MiKTeX 2.9/font
s/type1/public/pl/plsl12.pfb><C:/Users/KBP/AppData/Local/Programs/MiKTeX 2.9/fo
nts/type1/public/pl/plss8.pfb><C:/Users/KBP/AppData/Local/Programs/MiKTeX 2.9/f
onts/type1/public/pl/plsy10.pfb><C:/Users/KBP/AppData/Local/Programs/MiKTeX 2.9
/fonts/type1/public/pl/plsy6.pfb><C:/Users/KBP/AppData/Local/Programs/MiKTeX 2.
9/fonts/type1/public/pl/plsy8.pfb><C:/Users/KBP/AppData/Local/Programs/MiKTeX 2
.9/fonts/type1/public/pl/plti12.pfb><C:/Users/KBP/AppData/Local/Programs/MiKTeX
 2.9/fonts/type1/public/pl/pltt12.pfb>
Output written on whole_thesis.pdf (32 pages, 912989 bytes).
PDF statistics:
 407 PDF objects out of 1000 (max. 8388607)
 0 named destinations out of 1000 (max. 500000)
 68 words of extra memory for PDF output out of 10000 (max. 10000000)

